<?xml version="1.0" encoding="UTF-8"?>
<coverage generated="1783293701554" clover="3.2.0">
  <project timestamp="1783293701554" name="All files">
    <metrics statements="256" coveredstatements="198" conditionals="311" coveredconditionals="181" methods="67" coveredmethods="45" elements="634" coveredelements="424" complexity="0" loc="256" ncloc="256" packages="2" files="6" classes="6"/>
    <package name="services">
      <metrics statements="197" coveredstatements="173" conditionals="256" coveredconditionals="180" methods="51" coveredmethods="41"/>
      <file name="cardInvoiceOperations.js" path="C:\Projetos\financas-pro\src\services\cardInvoiceOperations.js">
        <metrics statements="98" coveredstatements="97" conditionals="127" coveredconditionals="101" methods="29" coveredmethods="25"/>
        <line num="30" count="2" type="stmt"/>
        <line num="31" count="37" type="cond" truecount="1" falsecount="4"/>
        <line num="33" count="2" type="stmt"/>
        <line num="41" count="4" type="cond" truecount="1" falsecount="1"/>
        <line num="42" count="4" type="cond" truecount="4" falsecount="0"/>
        <line num="43" count="1" type="stmt"/>
        <line num="45" count="3" type="stmt"/>
        <line num="48" count="2" type="stmt"/>
        <line num="49" count="0" type="stmt"/>
        <line num="53" count="18" type="cond" truecount="1" falsecount="1"/>
        <line num="54" count="41" type="cond" truecount="3" falsecount="0"/>
        <line num="56" count="36" type="stmt"/>
        <line num="57" count="18" type="stmt"/>
        <line num="58" count="36" type="stmt"/>
        <line num="59" count="3" type="stmt"/>
        <line num="60" count="18" type="stmt"/>
        <line num="65" count="10" type="stmt"/>
        <line num="71" count="16" type="cond" truecount="1" falsecount="2"/>
        <line num="78" count="2" type="cond" truecount="2" falsecount="0"/>
        <line num="79" count="2" type="stmt"/>
        <line num="100" count="11" type="cond" truecount="2" falsecount="0"/>
        <line num="101" count="2" type="cond" truecount="1" falsecount="1"/>
        <line num="109" count="11" type="cond" truecount="4" falsecount="0"/>
        <line num="110" count="11" type="cond" truecount="1" falsecount="0"/>
        <line num="111" count="11" type="cond" truecount="1" falsecount="1"/>
        <line num="112" count="11" type="cond" truecount="1" falsecount="1"/>
        <line num="113" count="11" type="cond" truecount="2" falsecount="0"/>
        <line num="115" count="11" type="stmt"/>
        <line num="116" count="11" type="cond" truecount="1" falsecount="1"/>
        <line num="118" count="11" type="cond" truecount="3" falsecount="0"/>
        <line num="119" count="11" type="stmt"/>
        <line num="120" count="11" type="cond" truecount="1" falsecount="1"/>
        <line num="122" count="11" type="stmt"/>
        <line num="123" count="11" type="stmt"/>
        <line num="124" count="11" type="cond" truecount="2" falsecount="0"/>
        <line num="126" count="10" type="stmt"/>
        <line num="127" count="10" type="stmt"/>
        <line num="128" count="10" type="stmt"/>
        <line num="130" count="10" type="cond" truecount="2" falsecount="0"/>
        <line num="131" count="11" type="stmt"/>
        <line num="133" count="11" type="cond" truecount="3" falsecount="0"/>
        <line num="136" count="11" type="cond" truecount="4" falsecount="0"/>
        <line num="137" count="1" type="stmt"/>
        <line num="140" count="9" type="cond" truecount="3" falsecount="0"/>
        <line num="143" count="11" type="cond" truecount="2" falsecount="0"/>
        <line num="144" count="1" type="stmt"/>
        <line num="148" count="4" type="cond" truecount="2" falsecount="0"/>
        <line num="150" count="8" type="stmt"/>
        <line num="179" count="9" type="cond" truecount="2" falsecount="0"/>
        <line num="180" count="11" type="stmt"/>
        <line num="200" count="11" type="stmt"/>
        <line num="202" count="11" type="stmt"/>
        <line num="214" count="2" type="cond" truecount="4" falsecount="0"/>
        <line num="215" count="2" type="stmt"/>
        <line num="216" count="2" type="cond" truecount="1" falsecount="1"/>
        <line num="218" count="2" type="stmt"/>
        <line num="219" count="2" type="cond" truecount="1" falsecount="1"/>
        <line num="221" count="2" type="cond" truecount="1" falsecount="2"/>
        <line num="222" count="2" type="stmt"/>
        <line num="223" count="2" type="cond" truecount="1" falsecount="1"/>
        <line num="225" count="2" type="stmt"/>
        <line num="227" count="2" type="cond" truecount="2" falsecount="0"/>
        <line num="228" count="2" type="cond" truecount="2" falsecount="0"/>
        <line num="229" count="3" type="stmt"/>
        <line num="230" count="2" type="cond" truecount="1" falsecount="1"/>
        <line num="232" count="2" type="stmt"/>
        <line num="233" count="2" type="stmt"/>
        <line num="234" count="2" type="stmt"/>
        <line num="237" count="2" type="stmt"/>
        <line num="238" count="2" type="stmt"/>
        <line num="240" count="2" type="stmt"/>
        <line num="241" count="2" type="cond" truecount="2" falsecount="0"/>
        <line num="242" count="1" type="cond" truecount="1" falsecount="2"/>
        <line num="243" count="1" type="stmt"/>
        <line num="247" count="3" type="cond" truecount="2" falsecount="0"/>
        <line num="250" count="2" type="stmt"/>
        <line num="270" count="2" type="stmt"/>
        <line num="272" count="2" type="stmt"/>
        <line num="279" count="5" type="cond" truecount="3" falsecount="0"/>
        <line num="280" count="5" type="stmt"/>
        <line num="281" count="5" type="cond" truecount="1" falsecount="1"/>
        <line num="282" count="5" type="cond" truecount="1" falsecount="1"/>
        <line num="283" count="5" type="cond" truecount="2" falsecount="0"/>
        <line num="284" count="5" type="cond" truecount="2" falsecount="0"/>
        <line num="285" count="5" type="stmt"/>
        <line num="286" count="5" type="cond" truecount="2" falsecount="0"/>
        <line num="287" count="5" type="cond" truecount="1" falsecount="1"/>
        <line num="289" count="5" type="stmt"/>
        <line num="290" count="5" type="cond" truecount="1" falsecount="1"/>
        <line num="292" count="5" type="cond" truecount="2" falsecount="0"/>
        <line num="293" count="1" type="stmt"/>
        <line num="299" count="4" type="cond" truecount="2" falsecount="0"/>
        <line num="300" count="3" type="cond" truecount="2" falsecount="0"/>
        <line num="302" count="2" type="stmt"/>
        <line num="323" count="5" type="stmt"/>
        <line num="329" count="2" type="cond" truecount="1" falsecount="1"/>
        <line num="330" count="2" type="stmt"/>
        <line num="331" count="2" type="stmt"/>
      </file>
      <file name="cardInvoiceService.js" path="C:\Projetos\financas-pro\src\services\cardInvoiceService.js">
        <metrics statements="64" coveredstatements="41" conditionals="95" coveredconditionals="46" methods="16" coveredmethods="10"/>
        <line num="4" count="2" type="stmt"/>
        <line num="6" count="12" type="stmt"/>
        <line num="8" count="2" type="cond" truecount="1" falsecount="0"/>
        <line num="9" count="13" type="cond" truecount="3" falsecount="1"/>
        <line num="12" count="2" type="stmt"/>
        <line num="13" count="9" type="cond" truecount="2" falsecount="0"/>
        <line num="14" count="9" type="cond" truecount="1" falsecount="1"/>
        <line num="15" count="9" type="cond" truecount="3" falsecount="1"/>
        <line num="16" count="9" type="cond" truecount="2" falsecount="0"/>
        <line num="17" count="8" type="stmt"/>
        <line num="20" count="2" type="stmt"/>
        <line num="21" count="2" type="cond" truecount="2" falsecount="0"/>
        <line num="22" count="2" type="cond" truecount="1" falsecount="1"/>
        <line num="23" count="2" type="cond" truecount="3" falsecount="1"/>
        <line num="24" count="2" type="cond" truecount="2" falsecount="0"/>
        <line num="25" count="1" type="stmt"/>
        <line num="28" count="61" type="cond" truecount="2" falsecount="0"/>
        <line num="30" count="2" type="stmt"/>
        <line num="31" count="0" type="cond" truecount="0" falsecount="2"/>
        <line num="32" count="0" type="cond" truecount="0" falsecount="2"/>
        <line num="35" count="0" type="stmt"/>
        <line num="38" count="2" type="stmt"/>
        <line num="39" count="0" type="cond" truecount="0" falsecount="2"/>
        <line num="40" count="0" type="stmt"/>
        <line num="42" count="0" type="cond" truecount="0" falsecount="2"/>
        <line num="45" count="2" type="stmt"/>
        <line num="46" count="0" type="stmt"/>
        <line num="47" count="0" type="stmt"/>
        <line num="48" count="0" type="cond" truecount="0" falsecount="2"/>
        <line num="49" count="0" type="cond" truecount="0" falsecount="2"/>
        <line num="50" count="0" type="cond" truecount="0" falsecount="2"/>
        <line num="51" count="0" type="stmt"/>
        <line num="54" count="2" type="stmt"/>
        <line num="55" count="0" type="cond" truecount="0" falsecount="2"/>
        <line num="56" count="0" type="cond" truecount="0" falsecount="2"/>
        <line num="57" count="0" type="stmt"/>
        <line num="60" count="2" type="stmt"/>
        <line num="61" count="21" type="cond" truecount="1" falsecount="1"/>
        <line num="63" count="7" type="cond" truecount="2" falsecount="0"/>
        <line num="69" count="2" type="stmt"/>
        <line num="75" count="9" type="cond" truecount="3" falsecount="1"/>
        <line num="76" count="9" type="stmt"/>
        <line num="77" count="9" type="cond" truecount="1" falsecount="1"/>
        <line num="78" count="9" type="cond" truecount="4" falsecount="0"/>
        <line num="79" count="4" type="cond" truecount="1" falsecount="3"/>
        <line num="81" count="5" type="cond" truecount="3" falsecount="0"/>
        <line num="82" count="9" type="cond" truecount="1" falsecount="1"/>
        <line num="85" count="2" type="stmt"/>
        <line num="86" count="0" type="stmt"/>
        <line num="87" count="0" type="cond" truecount="0" falsecount="2"/>
        <line num="90" count="2" type="stmt"/>
        <line num="91" count="7" type="stmt"/>
        <line num="94" count="2" type="stmt"/>
        <line num="95" count="0" type="cond" truecount="0" falsecount="2"/>
        <line num="96" count="0" type="stmt"/>
        <line num="97" count="0" type="cond" truecount="0" falsecount="2"/>
        <line num="98" count="0" type="cond" truecount="0" falsecount="2"/>
        <line num="99" count="0" type="cond" truecount="0" falsecount="5"/>
        <line num="100" count="0" type="cond" truecount="0" falsecount="2"/>
        <line num="103" count="2" type="stmt"/>
        <line num="104" count="39" type="cond" truecount="1" falsecount="1"/>
        <line num="105" count="39" type="cond" truecount="4" falsecount="0"/>
        <line num="106" count="35" type="cond" truecount="1" falsecount="1"/>
        <line num="107" count="35" type="stmt"/>
      </file>
      <file name="migrationPipeline.js" path="C:\Projetos\financas-pro\src\services\migrationPipeline.js">
        <metrics statements="10" coveredstatements="10" conditionals="3" coveredconditionals="3" methods="2" coveredmethods="2"/>
        <line num="24" count="1" type="stmt"/>
        <line num="28" count="1" type="stmt"/>
        <line num="32" count="1" type="stmt"/>
        <line num="42" count="2" type="stmt"/>
        <line num="43" count="2" type="stmt"/>
        <line num="44" count="2" type="stmt"/>
        <line num="45" count="2" type="cond" truecount="2" falsecount="0"/>
        <line num="46" count="1" type="stmt"/>
        <line num="47" count="1" type="stmt"/>
        <line num="50" count="2" type="stmt"/>
      </file>
      <file name="transactionNormalizer.js" path="C:\Projetos\financas-pro\src\services\transactionNormalizer.js">
        <metrics statements="25" coveredstatements="25" conditionals="31" coveredconditionals="30" methods="4" coveredmethods="4"/>
        <line num="25" count="1" type="stmt"/>
        <line num="37" count="14" type="cond" truecount="4" falsecount="0"/>
        <line num="38" count="12" type="stmt"/>
        <line num="39" count="12" type="stmt"/>
        <line num="40" count="12" type="stmt"/>
        <line num="41" count="60" type="cond" truecount="3" falsecount="0"/>
        <line num="42" count="60" type="cond" truecount="3" falsecount="0"/>
        <line num="43" count="60" type="cond" truecount="4" falsecount="0"/>
        <line num="44" count="15" type="stmt"/>
        <line num="45" count="15" type="stmt"/>
        <line num="46" count="45" type="cond" truecount="4" falsecount="0"/>
        <line num="47" count="2" type="stmt"/>
        <line num="48" count="2" type="stmt"/>
        <line num="49" count="43" type="cond" truecount="5" falsecount="0"/>
        <line num="50" count="2" type="stmt"/>
        <line num="51" count="2" type="stmt"/>
        <line num="54" count="12" type="cond" truecount="2" falsecount="0"/>
        <line num="61" count="5" type="cond" truecount="1" falsecount="1"/>
        <line num="62" count="5" type="stmt"/>
        <line num="63" count="5" type="stmt"/>
        <line num="64" count="6" type="stmt"/>
        <line num="65" count="6" type="cond" truecount="2" falsecount="0"/>
        <line num="66" count="6" type="stmt"/>
        <line num="68" count="5" type="cond" truecount="2" falsecount="0"/>
        <line num="75" count="1" type="stmt"/>
      </file>
    </package>
    <package name="utils">
      <metrics statements="59" coveredstatements="25" conditionals="55" coveredconditionals="1" methods="16" coveredmethods="4"/>
      <file name="dateUtils.js" path="C:\Projetos\financas-pro\src\utils\dateUtils.js">
        <metrics statements="45" coveredstatements="22" conditionals="33" coveredconditionals="1" methods="13" coveredmethods="4"/>
        <line num="1" count="2" type="stmt"/>
        <line num="3" count="2" type="cond" truecount="0" falsecount="2"/>
        <line num="8" count="2" type="stmt"/>
        <line num="9" count="4" type="stmt"/>
        <line num="10" count="4" type="stmt"/>
        <line num="13" count="2" type="stmt"/>
        <line num="15" count="2" type="stmt"/>
        <line num="16" count="12" type="stmt"/>
        <line num="17" count="12" type="stmt"/>
        <line num="18" count="12" type="stmt"/>
        <line num="21" count="2" type="stmt"/>
        <line num="22" count="0" type="stmt"/>
        <line num="23" count="0" type="stmt"/>
        <line num="24" count="0" type="stmt"/>
        <line num="27" count="12" type="stmt"/>
        <line num="29" count="2" type="stmt"/>
        <line num="31" count="2" type="stmt"/>
        <line num="32" count="19" type="stmt"/>
        <line num="33" count="19" type="stmt"/>
        <line num="34" count="19" type="cond" truecount="1" falsecount="1"/>
        <line num="35" count="19" type="stmt"/>
        <line num="38" count="2" type="stmt"/>
        <line num="39" count="0" type="cond" truecount="0" falsecount="6"/>
        <line num="40" count="0" type="stmt"/>
        <line num="43" count="2" type="stmt"/>
        <line num="44" count="0" type="cond" truecount="0" falsecount="4"/>
        <line num="45" count="0" type="stmt"/>
        <line num="46" count="0" type="stmt"/>
        <line num="49" count="2" type="stmt"/>
        <line num="50" count="0" type="cond" truecount="0" falsecount="2"/>
        <line num="51" count="0" type="stmt"/>
        <line num="52" count="0" type="cond" truecount="0" falsecount="2"/>
        <line num="54" count="0" type="stmt"/>
        <line num="55" count="0" type="stmt"/>
        <line num="56" count="0" type="stmt"/>
        <line num="57" count="0" type="stmt"/>
        <line num="59" count="0" type="cond" truecount="0" falsecount="7"/>
        <line num="61" count="0" type="stmt"/>
        <line num="62" count="0" type="cond" truecount="0" falsecount="2"/>
        <line num="64" count="0" type="stmt"/>
        <line num="67" count="2" type="stmt"/>
        <line num="68" count="0" type="cond" truecount="0" falsecount="2"/>
        <line num="69" count="0" type="cond" truecount="0" falsecount="2"/>
        <line num="70" count="0" type="cond" truecount="0" falsecount="2"/>
        <line num="71" count="0" type="stmt"/>
      </file>
      <file name="moneyUtils.js" path="C:\Projetos\financas-pro\src\utils\moneyUtils.js">
        <metrics statements="14" coveredstatements="3" conditionals="22" coveredconditionals="0" methods="3" coveredmethods="0"/>
        <line num="1" count="2" type="cond" truecount="0" falsecount="2"/>
        <line num="6" count="2" type="stmt"/>
        <line num="7" count="0" type="cond" truecount="0" falsecount="4"/>
        <line num="8" count="0" type="cond" truecount="0" falsecount="4"/>
        <line num="10" count="0" type="stmt"/>
        <line num="11" count="0" type="cond" truecount="0" falsecount="2"/>
        <line num="13" count="0" type="stmt"/>
        <line num="14" count="0" type="cond" truecount="0" falsecount="4"/>
        <line num="16" count="0" type="stmt"/>
        <line num="17" count="0" type="cond" truecount="0" falsecount="2"/>
        <line num="20" count="2" type="stmt"/>
        <line num="21" count="0" type="cond" truecount="0" falsecount="2"/>
        <line num="22" count="0" type="cond" truecount="0" falsecount="2"/>
        <line num="24" count="0" type="stmt"/>
      </file>
    </package>
  </project>
</coverage>
