{"C:\\Projetos\\financas-pro\\src\\services\\cardInvoiceOperations.js": {"path":"C:\\Projetos\\financas-pro\\src\\services\\cardInvoiceOperations.js","statementMap":{"0":{"start":{"line":30,"column":22},"end":{"line":31,"column":66}},"1":{"start":{"line":31,"column":2},"end":{"line":31,"column":66}},"2":{"start":{"line":33,"column":15},"end":{"line":33,"column":45}},"3":{"start":{"line":33,"column":21},"end":{"line":33,"column":45}},"4":{"start":{"line":41,"column":15},"end":{"line":41,"column":46}},"5":{"start":{"line":42,"column":2},"end":{"line":44,"column":null}},"6":{"start":{"line":42,"column":42},"end":{"line":42,"column":66}},"7":{"start":{"line":43,"column":4},"end":{"line":43,"column":null}},"8":{"start":{"line":45,"column":2},"end":{"line":45,"column":null}},"9":{"start":{"line":48,"column":20},"end":{"line":49,"column":81}},"10":{"start":{"line":49,"column":2},"end":{"line":49,"column":81}},"11":{"start":{"line":53,"column":16},"end":{"line":55,"column":3}},"12":{"start":{"line":54,"column":11},"end":{"line":54,"column":null}},"13":{"start":{"line":56,"column":16},"end":{"line":56,"column":70}},"14":{"start":{"line":56,"column":41},"end":{"line":56,"column":66}},"15":{"start":{"line":57,"column":18},"end":{"line":59,"column":53}},"16":{"start":{"line":58,"column":19},"end":{"line":58,"column":56}},"17":{"start":{"line":59,"column":24},"end":{"line":59,"column":49}},"18":{"start":{"line":60,"column":2},"end":{"line":60,"column":null}},"19":{"start":{"line":65,"column":2},"end":{"line":73,"column":null}},"20":{"start":{"line":71,"column":13},"end":{"line":71,"column":null}},"21":{"start":{"line":78,"column":14},"end":{"line":78,"column":52}},"22":{"start":{"line":79,"column":2},"end":{"line":96,"column":null}},"23":{"start":{"line":100,"column":2},"end":{"line":102,"column":null}},"24":{"start":{"line":100,"column":29},"end":{"line":100,"column":47}},"25":{"start":{"line":101,"column":26},"end":{"line":101,"column":68}},"26":{"start":{"line":109,"column":64},"end":{"line":109,"column":69}},"27":{"start":{"line":110,"column":62},"end":{"line":110,"column":66}},"28":{"start":{"line":111,"column":14},"end":{"line":111,"column":37}},"29":{"start":{"line":112,"column":14},"end":{"line":112,"column":34}},"30":{"start":{"line":113,"column":16},"end":{"line":113,"column":37}},"31":{"start":{"line":115,"column":15},"end":{"line":115,"column":49}},"32":{"start":{"line":115,"column":33},"end":{"line":115,"column":48}},"33":{"start":{"line":116,"column":2},"end":{"line":116,"column":null}},"34":{"start":{"line":116,"column":13},"end":{"line":116,"column":null}},"35":{"start":{"line":118,"column":21},"end":{"line":118,"column":92}},"36":{"start":{"line":119,"column":26},"end":{"line":119,"column":68}},"37":{"start":{"line":120,"column":2},"end":{"line":120,"column":null}},"38":{"start":{"line":120,"column":25},"end":{"line":120,"column":null}},"39":{"start":{"line":122,"column":14},"end":{"line":122,"column":55}},"40":{"start":{"line":123,"column":21},"end":{"line":123,"column":43}},"41":{"start":{"line":124,"column":2},"end":{"line":124,"column":null}},"42":{"start":{"line":124,"column":24},"end":{"line":124,"column":null}},"43":{"start":{"line":126,"column":19},"end":{"line":126,"column":50}},"44":{"start":{"line":127,"column":22},"end":{"line":127,"column":47}},"45":{"start":{"line":128,"column":21},"end":{"line":128,"column":68}},"46":{"start":{"line":130,"column":3},"end":{"line":130,"column":93}},"47":{"start":{"line":130,"column":74},"end":{"line":130,"column":92}},"48":{"start":{"line":131,"column":26},"end":{"line":131,"column":102}},"49":{"start":{"line":133,"column":4},"end":{"line":133,"column":73}},"50":{"start":{"line":136,"column":2},"end":{"line":138,"column":null}},"51":{"start":{"line":137,"column":4},"end":{"line":137,"column":null}},"52":{"start":{"line":140,"column":23},"end":{"line":140,"column":85}},"53":{"start":{"line":143,"column":2},"end":{"line":177,"column":null}},"54":{"start":{"line":144,"column":18},"end":{"line":147,"column":6}},"55":{"start":{"line":148,"column":4},"end":{"line":148,"column":null}},"56":{"start":{"line":148,"column":34},"end":{"line":148,"column":86}},"57":{"start":{"line":150,"column":4},"end":{"line":176,"column":null}},"58":{"start":{"line":179,"column":24},"end":{"line":179,"column":62}},"59":{"start":{"line":180,"column":15},"end":{"line":199,"column":3}},"60":{"start":{"line":200,"column":22},"end":{"line":200,"column":61}},"61":{"start":{"line":202,"column":2},"end":{"line":207,"column":null}},"62":{"start":{"line":214,"column":64},"end":{"line":214,"column":69}},"63":{"start":{"line":215,"column":31},"end":{"line":215,"column":35}},"64":{"start":{"line":216,"column":14},"end":{"line":216,"column":34}},"65":{"start":{"line":218,"column":15},"end":{"line":218,"column":49}},"66":{"start":{"line":218,"column":33},"end":{"line":218,"column":48}},"67":{"start":{"line":219,"column":2},"end":{"line":219,"column":null}},"68":{"start":{"line":219,"column":13},"end":{"line":219,"column":null}},"69":{"start":{"line":221,"column":21},"end":{"line":221,"column":92}},"70":{"start":{"line":222,"column":26},"end":{"line":222,"column":68}},"71":{"start":{"line":223,"column":2},"end":{"line":223,"column":null}},"72":{"start":{"line":223,"column":25},"end":{"line":223,"column":null}},"73":{"start":{"line":225,"column":19},"end":{"line":225,"column":50}},"74":{"start":{"line":227,"column":3},"end":{"line":227,"column":93}},"75":{"start":{"line":227,"column":74},"end":{"line":227,"column":92}},"76":{"start":{"line":228,"column":26},"end":{"line":230,"column":84}},"77":{"start":{"line":229,"column":24},"end":{"line":229,"column":69}},"78":{"start":{"line":230,"column":24},"end":{"line":230,"column":83}},"79":{"start":{"line":232,"column":14},"end":{"line":232,"column":55}},"80":{"start":{"line":233,"column":21},"end":{"line":233,"column":43}},"81":{"start":{"line":234,"column":24},"end":{"line":236,"column":3}},"82":{"start":{"line":237,"column":22},"end":{"line":237,"column":47}},"83":{"start":{"line":238,"column":21},"end":{"line":238,"column":68}},"84":{"start":{"line":240,"column":18},"end":{"line":240,"column":23}},"85":{"start":{"line":241,"column":2},"end":{"line":248,"column":null}},"86":{"start":{"line":242,"column":25},"end":{"line":242,"column":85}},"87":{"start":{"line":243,"column":18},"end":{"line":246,"column":6}},"88":{"start":{"line":247,"column":4},"end":{"line":247,"column":null}},"89":{"start":{"line":247,"column":34},"end":{"line":247,"column":86}},"90":{"start":{"line":250,"column":15},"end":{"line":269,"column":3}},"91":{"start":{"line":270,"column":22},"end":{"line":270,"column":61}},"92":{"start":{"line":272,"column":2},"end":{"line":272,"column":null}},"93":{"start":{"line":279,"column":51},"end":{"line":279,"column":56}},"94":{"start":{"line":280,"column":43},"end":{"line":280,"column":47}},"95":{"start":{"line":281,"column":14},"end":{"line":281,"column":37}},"96":{"start":{"line":282,"column":14},"end":{"line":282,"column":34}},"97":{"start":{"line":283,"column":16},"end":{"line":283,"column":37}},"98":{"start":{"line":284,"column":14},"end":{"line":284,"column":35}},"99":{"start":{"line":285,"column":19},"end":{"line":285,"column":32}},"100":{"start":{"line":286,"column":16},"end":{"line":286,"column":39}},"101":{"start":{"line":287,"column":20},"end":{"line":287,"column":55}},"102":{"start":{"line":289,"column":15},"end":{"line":289,"column":49}},"103":{"start":{"line":289,"column":33},"end":{"line":289,"column":48}},"104":{"start":{"line":290,"column":2},"end":{"line":290,"column":null}},"105":{"start":{"line":290,"column":13},"end":{"line":290,"column":null}},"106":{"start":{"line":292,"column":2},"end":{"line":298,"column":null}},"107":{"start":{"line":293,"column":4},"end":{"line":297,"column":null}},"108":{"start":{"line":299,"column":2},"end":{"line":299,"column":null}},"109":{"start":{"line":299,"column":18},"end":{"line":299,"column":null}},"110":{"start":{"line":300,"column":2},"end":{"line":300,"column":null}},"111":{"start":{"line":300,"column":18},"end":{"line":300,"column":null}},"112":{"start":{"line":302,"column":20},"end":{"line":321,"column":3}},"113":{"start":{"line":323,"column":2},"end":{"line":323,"column":null}},"114":{"start":{"line":329,"column":2},"end":{"line":329,"column":null}},"115":{"start":{"line":329,"column":13},"end":{"line":329,"column":null}},"116":{"start":{"line":330,"column":16},"end":{"line":330,"column":80}},"117":{"start":{"line":331,"column":2},"end":{"line":334,"column":null}}},"fnMap":{"0":{"name":"(anonymous_0)","decl":{"start":{"line":30,"column":22},"end":{"line":30,"column":23}},"loc":{"start":{"line":31,"column":2},"end":{"line":31,"column":66}},"line":31},"1":{"name":"(anonymous_1)","decl":{"start":{"line":33,"column":15},"end":{"line":33,"column":16}},"loc":{"start":{"line":33,"column":21},"end":{"line":33,"column":45}},"line":33},"2":{"name":"resolveInvoiceCategoryId","decl":{"start":{"line":40,"column":16},"end":{"line":40,"column":40}},"loc":{"start":{"line":40,"column":64},"end":{"line":46,"column":null}},"line":40},"3":{"name":"(anonymous_3)","decl":{"start":{"line":42,"column":35},"end":{"line":42,"column":36}},"loc":{"start":{"line":42,"column":42},"end":{"line":42,"column":66}},"line":42},"4":{"name":"(anonymous_4)","decl":{"start":{"line":48,"column":20},"end":{"line":48,"column":21}},"loc":{"start":{"line":49,"column":2},"end":{"line":49,"column":81}},"line":49},"5":{"name":"computeCardInvoice","decl":{"start":{"line":52,"column":16},"end":{"line":52,"column":34}},"loc":{"start":{"line":52,"column":58},"end":{"line":61,"column":null}},"line":52},"6":{"name":"(anonymous_6)","decl":{"start":{"line":54,"column":4},"end":{"line":54,"column":5}},"loc":{"start":{"line":54,"column":11},"end":{"line":54,"column":null}},"line":54},"7":{"name":"(anonymous_7)","decl":{"start":{"line":56,"column":29},"end":{"line":56,"column":30}},"loc":{"start":{"line":56,"column":41},"end":{"line":56,"column":66}},"line":56},"8":{"name":"(anonymous_8)","decl":{"start":{"line":58,"column":12},"end":{"line":58,"column":13}},"loc":{"start":{"line":58,"column":19},"end":{"line":58,"column":56}},"line":58},"9":{"name":"(anonymous_9)","decl":{"start":{"line":59,"column":12},"end":{"line":59,"column":13}},"loc":{"start":{"line":59,"column":24},"end":{"line":59,"column":49}},"line":59},"10":{"name":"findExistingPayment","decl":{"start":{"line":64,"column":9},"end":{"line":64,"column":28}},"loc":{"start":{"line":64,"column":86},"end":{"line":74,"column":null}},"line":64},"11":{"name":"(anonymous_11)","decl":{"start":{"line":71,"column":6},"end":{"line":71,"column":7}},"loc":{"start":{"line":71,"column":13},"end":{"line":71,"column":null}},"line":71},"12":{"name":"syncedPaymentFields","decl":{"start":{"line":77,"column":9},"end":{"line":77,"column":28}},"loc":{"start":{"line":77,"column":139},"end":{"line":97,"column":null}},"line":77},"13":{"name":"upsertInvoice","decl":{"start":{"line":99,"column":9},"end":{"line":99,"column":22}},"loc":{"start":{"line":99,"column":49},"end":{"line":103,"column":null}},"line":99},"14":{"name":"(anonymous_14)","decl":{"start":{"line":100,"column":22},"end":{"line":100,"column":23}},"loc":{"start":{"line":100,"column":29},"end":{"line":100,"column":47}},"line":100},"15":{"name":"(anonymous_15)","decl":{"start":{"line":101,"column":18},"end":{"line":101,"column":19}},"loc":{"start":{"line":101,"column":26},"end":{"line":101,"column":68}},"line":101},"16":{"name":"closeInvoice","decl":{"start":{"line":108,"column":16},"end":{"line":108,"column":28}},"loc":{"start":{"line":108,"column":42},"end":{"line":208,"column":null}},"line":108},"17":{"name":"(anonymous_17)","decl":{"start":{"line":115,"column":26},"end":{"line":115,"column":27}},"loc":{"start":{"line":115,"column":33},"end":{"line":115,"column":48}},"line":115},"18":{"name":"(anonymous_18)","decl":{"start":{"line":130,"column":67},"end":{"line":130,"column":68}},"loc":{"start":{"line":130,"column":74},"end":{"line":130,"column":92}},"line":130},"19":{"name":"(anonymous_19)","decl":{"start":{"line":148,"column":26},"end":{"line":148,"column":27}},"loc":{"start":{"line":148,"column":34},"end":{"line":148,"column":86}},"line":148},"20":{"name":"reopenInvoice","decl":{"start":{"line":213,"column":16},"end":{"line":213,"column":29}},"loc":{"start":{"line":213,"column":43},"end":{"line":273,"column":null}},"line":213},"21":{"name":"(anonymous_21)","decl":{"start":{"line":218,"column":26},"end":{"line":218,"column":27}},"loc":{"start":{"line":218,"column":33},"end":{"line":218,"column":48}},"line":218},"22":{"name":"(anonymous_22)","decl":{"start":{"line":227,"column":67},"end":{"line":227,"column":68}},"loc":{"start":{"line":227,"column":74},"end":{"line":227,"column":92}},"line":227},"23":{"name":"(anonymous_23)","decl":{"start":{"line":229,"column":17},"end":{"line":229,"column":18}},"loc":{"start":{"line":229,"column":24},"end":{"line":229,"column":69}},"line":229},"24":{"name":"(anonymous_24)","decl":{"start":{"line":230,"column":17},"end":{"line":230,"column":18}},"loc":{"start":{"line":230,"column":24},"end":{"line":230,"column":83}},"line":230},"25":{"name":"(anonymous_25)","decl":{"start":{"line":247,"column":26},"end":{"line":247,"column":27}},"loc":{"start":{"line":247,"column":34},"end":{"line":247,"column":86}},"line":247},"26":{"name":"addInvoiceAdjustment","decl":{"start":{"line":278,"column":16},"end":{"line":278,"column":36}},"loc":{"start":{"line":278,"column":50},"end":{"line":324,"column":null}},"line":278},"27":{"name":"(anonymous_27)","decl":{"start":{"line":289,"column":26},"end":{"line":289,"column":27}},"loc":{"start":{"line":289,"column":33},"end":{"line":289,"column":48}},"line":289},"28":{"name":"assertInvoiceOpenForEntry","decl":{"start":{"line":328,"column":16},"end":{"line":328,"column":41}},"loc":{"start":{"line":328,"column":77},"end":{"line":335,"column":null}},"line":328}},"branchMap":{"0":{"loc":{"start":{"line":31,"column":2},"end":{"line":31,"column":66}},"type":"binary-expr","locations":[{"start":{"line":31,"column":2},"end":{"line":31,"column":15}},{"start":{"line":31,"column":19},"end":{"line":31,"column":36}},{"start":{"line":31,"column":40},"end":{"line":31,"column":66}}],"line":31},"1":{"loc":{"start":{"line":31,"column":41},"end":{"line":31,"column":53}},"type":"binary-expr","locations":[{"start":{"line":31,"column":41},"end":{"line":31,"column":47}},{"start":{"line":31,"column":51},"end":{"line":31,"column":53}}],"line":31},"2":{"loc":{"start":{"line":41,"column":15},"end":{"line":41,"column":46}},"type":"cond-expr","locations":[{"start":{"line":41,"column":37},"end":{"line":41,"column":41}},{"start":{"line":41,"column":44},"end":{"line":41,"column":46}}],"line":41},"3":{"loc":{"start":{"line":42,"column":2},"end":{"line":44,"column":null}},"type":"if","locations":[{"start":{"line":42,"column":2},"end":{"line":44,"column":null}},{"start":{},"end":{}}],"line":42},"4":{"loc":{"start":{"line":42,"column":6},"end":{"line":42,"column":67}},"type":"binary-expr","locations":[{"start":{"line":42,"column":6},"end":{"line":42,"column":21}},{"start":{"line":42,"column":25},"end":{"line":42,"column":67}}],"line":42},"5":{"loc":{"start":{"line":53,"column":17},"end":{"line":53,"column":28}},"type":"binary-expr","locations":[{"start":{"line":53,"column":17},"end":{"line":53,"column":22}},{"start":{"line":53,"column":26},"end":{"line":53,"column":28}}],"line":53},"6":{"loc":{"start":{"line":54,"column":11},"end":{"line":54,"column":null}},"type":"binary-expr","locations":[{"start":{"line":54,"column":11},"end":{"line":54,"column":33}},{"start":{"line":54,"column":37},"end":{"line":54,"column":58}},{"start":{"line":54,"column":62},"end":{"line":54,"column":null}}],"line":54},"7":{"loc":{"start":{"line":66,"column":4},"end":{"line":72,"column":null}},"type":"binary-expr","locations":[{"start":{"line":66,"column":5},"end":{"line":68,"column":12}},{"start":{"line":69,"column":4},"end":{"line":69,"column":82}},{"start":{"line":70,"column":4},"end":{"line":72,"column":null}}],"line":66},"8":{"loc":{"start":{"line":71,"column":13},"end":{"line":71,"column":null}},"type":"binary-expr","locations":[{"start":{"line":71,"column":13},"end":{"line":71,"column":37}},{"start":{"line":71,"column":41},"end":{"line":71,"column":62}},{"start":{"line":71,"column":66},"end":{"line":71,"column":null}}],"line":71},"9":{"loc":{"start":{"line":78,"column":26},"end":{"line":78,"column":51}},"type":"binary-expr","locations":[{"start":{"line":78,"column":26},"end":{"line":78,"column":46}},{"start":{"line":78,"column":50},"end":{"line":78,"column":51}}],"line":78},"10":{"loc":{"start":{"line":100,"column":9},"end":{"line":102,"column":24}},"type":"cond-expr","locations":[{"start":{"line":101,"column":6},"end":{"line":101,"column":null}},{"start":{"line":102,"column":6},"end":{"line":102,"column":24}}],"line":100},"11":{"loc":{"start":{"line":101,"column":26},"end":{"line":101,"column":68}},"type":"cond-expr","locations":[{"start":{"line":101,"column":47},"end":{"line":101,"column":64}},{"start":{"line":101,"column":67},"end":{"line":101,"column":68}}],"line":101},"12":{"loc":{"start":{"line":109,"column":10},"end":{"line":109,"column":20}},"type":"default-arg","locations":[{"start":{"line":109,"column":18},"end":{"line":109,"column":20}}],"line":109},"13":{"loc":{"start":{"line":109,"column":22},"end":{"line":109,"column":34}},"type":"default-arg","locations":[{"start":{"line":109,"column":32},"end":{"line":109,"column":34}}],"line":109},"14":{"loc":{"start":{"line":109,"column":36},"end":{"line":109,"column":46}},"type":"default-arg","locations":[{"start":{"line":109,"column":44},"end":{"line":109,"column":46}}],"line":109},"15":{"loc":{"start":{"line":109,"column":48},"end":{"line":109,"column":59}},"type":"default-arg","locations":[{"start":{"line":109,"column":57},"end":{"line":109,"column":59}}],"line":109},"16":{"loc":{"start":{"line":110,"column":28},"end":{"line":110,"column":57}},"type":"default-arg","locations":[{"start":{"line":110,"column":52},"end":{"line":110,"column":57}}],"line":110},"17":{"loc":{"start":{"line":111,"column":14},"end":{"line":111,"column":37}},"type":"binary-expr","locations":[{"start":{"line":111,"column":14},"end":{"line":111,"column":22}},{"start":{"line":111,"column":26},"end":{"line":111,"column":37}}],"line":111},"18":{"loc":{"start":{"line":112,"column":14},"end":{"line":112,"column":34}},"type":"binary-expr","locations":[{"start":{"line":112,"column":14},"end":{"line":112,"column":22}},{"start":{"line":112,"column":26},"end":{"line":112,"column":34}}],"line":112},"19":{"loc":{"start":{"line":113,"column":16},"end":{"line":113,"column":37}},"type":"binary-expr","locations":[{"start":{"line":113,"column":16},"end":{"line":113,"column":26}},{"start":{"line":113,"column":30},"end":{"line":113,"column":37}}],"line":113},"20":{"loc":{"start":{"line":116,"column":2},"end":{"line":116,"column":null}},"type":"if","locations":[{"start":{"line":116,"column":2},"end":{"line":116,"column":null}},{"start":{},"end":{}}],"line":116},"21":{"loc":{"start":{"line":118,"column":21},"end":{"line":118,"column":92}},"type":"binary-expr","locations":[{"start":{"line":118,"column":21},"end":{"line":118,"column":66}},{"start":{"line":118,"column":70},"end":{"line":118,"column":83}},{"start":{"line":118,"column":87},"end":{"line":118,"column":92}}],"line":118},"22":{"loc":{"start":{"line":120,"column":2},"end":{"line":120,"column":null}},"type":"if","locations":[{"start":{"line":120,"column":2},"end":{"line":120,"column":null}},{"start":{},"end":{}}],"line":120},"23":{"loc":{"start":{"line":124,"column":2},"end":{"line":124,"column":null}},"type":"if","locations":[{"start":{"line":124,"column":2},"end":{"line":124,"column":null}},{"start":{},"end":{}}],"line":124},"24":{"loc":{"start":{"line":130,"column":3},"end":{"line":130,"column":93}},"type":"binary-expr","locations":[{"start":{"line":130,"column":3},"end":{"line":130,"column":50}},{"start":{"line":130,"column":54},"end":{"line":130,"column":93}}],"line":130},"25":{"loc":{"start":{"line":133,"column":4},"end":{"line":133,"column":73}},"type":"binary-expr","locations":[{"start":{"line":133,"column":4},"end":{"line":133,"column":23}},{"start":{"line":133,"column":27},"end":{"line":133,"column":64}},{"start":{"line":133,"column":68},"end":{"line":133,"column":73}}],"line":133},"26":{"loc":{"start":{"line":136,"column":2},"end":{"line":138,"column":null}},"type":"if","locations":[{"start":{"line":136,"column":2},"end":{"line":138,"column":null}},{"start":{},"end":{}}],"line":136},"27":{"loc":{"start":{"line":136,"column":6},"end":{"line":136,"column":47}},"type":"binary-expr","locations":[{"start":{"line":136,"column":6},"end":{"line":136,"column":21}},{"start":{"line":136,"column":25},"end":{"line":136,"column":47}}],"line":136},"28":{"loc":{"start":{"line":140,"column":23},"end":{"line":140,"column":85}},"type":"binary-expr","locations":[{"start":{"line":140,"column":23},"end":{"line":140,"column":49}},{"start":{"line":140,"column":53},"end":{"line":140,"column":80}},{"start":{"line":140,"column":84},"end":{"line":140,"column":85}}],"line":140},"29":{"loc":{"start":{"line":143,"column":2},"end":{"line":177,"column":null}},"type":"if","locations":[{"start":{"line":143,"column":2},"end":{"line":177,"column":null}},{"start":{"line":149,"column":9},"end":{"line":177,"column":null}}],"line":143},"30":{"loc":{"start":{"line":148,"column":34},"end":{"line":148,"column":86}},"type":"cond-expr","locations":[{"start":{"line":148,"column":64},"end":{"line":148,"column":82}},{"start":{"line":148,"column":85},"end":{"line":148,"column":86}}],"line":148},"31":{"loc":{"start":{"line":179,"column":36},"end":{"line":179,"column":61}},"type":"binary-expr","locations":[{"start":{"line":179,"column":36},"end":{"line":179,"column":56}},{"start":{"line":179,"column":60},"end":{"line":179,"column":61}}],"line":179},"32":{"loc":{"start":{"line":214,"column":10},"end":{"line":214,"column":20}},"type":"default-arg","locations":[{"start":{"line":214,"column":18},"end":{"line":214,"column":20}}],"line":214},"33":{"loc":{"start":{"line":214,"column":22},"end":{"line":214,"column":34}},"type":"default-arg","locations":[{"start":{"line":214,"column":32},"end":{"line":214,"column":34}}],"line":214},"34":{"loc":{"start":{"line":214,"column":36},"end":{"line":214,"column":46}},"type":"default-arg","locations":[{"start":{"line":214,"column":44},"end":{"line":214,"column":46}}],"line":214},"35":{"loc":{"start":{"line":214,"column":48},"end":{"line":214,"column":59}},"type":"default-arg","locations":[{"start":{"line":214,"column":57},"end":{"line":214,"column":59}}],"line":214},"36":{"loc":{"start":{"line":216,"column":14},"end":{"line":216,"column":34}},"type":"binary-expr","locations":[{"start":{"line":216,"column":14},"end":{"line":216,"column":22}},{"start":{"line":216,"column":26},"end":{"line":216,"column":34}}],"line":216},"37":{"loc":{"start":{"line":219,"column":2},"end":{"line":219,"column":null}},"type":"if","locations":[{"start":{"line":219,"column":2},"end":{"line":219,"column":null}},{"start":{},"end":{}}],"line":219},"38":{"loc":{"start":{"line":221,"column":21},"end":{"line":221,"column":92}},"type":"binary-expr","locations":[{"start":{"line":221,"column":21},"end":{"line":221,"column":66}},{"start":{"line":221,"column":70},"end":{"line":221,"column":83}},{"start":{"line":221,"column":87},"end":{"line":221,"column":92}}],"line":221},"39":{"loc":{"start":{"line":223,"column":2},"end":{"line":223,"column":null}},"type":"if","locations":[{"start":{"line":223,"column":2},"end":{"line":223,"column":null}},{"start":{},"end":{}}],"line":223},"40":{"loc":{"start":{"line":227,"column":3},"end":{"line":227,"column":93}},"type":"binary-expr","locations":[{"start":{"line":227,"column":3},"end":{"line":227,"column":50}},{"start":{"line":227,"column":54},"end":{"line":227,"column":93}}],"line":227},"41":{"loc":{"start":{"line":228,"column":26},"end":{"line":230,"column":84}},"type":"cond-expr","locations":[{"start":{"line":229,"column":6},"end":{"line":229,"column":null}},{"start":{"line":230,"column":6},"end":{"line":230,"column":84}}],"line":228},"42":{"loc":{"start":{"line":230,"column":24},"end":{"line":230,"column":83}},"type":"binary-expr","locations":[{"start":{"line":230,"column":24},"end":{"line":230,"column":49}},{"start":{"line":230,"column":53},"end":{"line":230,"column":83}}],"line":230},"43":{"loc":{"start":{"line":235,"column":4},"end":{"line":235,"column":null}},"type":"binary-expr","locations":[{"start":{"line":235,"column":4},"end":{"line":235,"column":38}},{"start":{"line":235,"column":42},"end":{"line":235,"column":77}},{"start":{"line":235,"column":81},"end":{"line":235,"column":null}}],"line":235},"44":{"loc":{"start":{"line":241,"column":2},"end":{"line":248,"column":null}},"type":"if","locations":[{"start":{"line":241,"column":2},"end":{"line":248,"column":null}},{"start":{},"end":{}}],"line":241},"45":{"loc":{"start":{"line":242,"column":25},"end":{"line":242,"column":85}},"type":"binary-expr","locations":[{"start":{"line":242,"column":25},"end":{"line":242,"column":50}},{"start":{"line":242,"column":54},"end":{"line":242,"column":80}},{"start":{"line":242,"column":84},"end":{"line":242,"column":85}}],"line":242},"46":{"loc":{"start":{"line":247,"column":34},"end":{"line":247,"column":86}},"type":"cond-expr","locations":[{"start":{"line":247,"column":64},"end":{"line":247,"column":82}},{"start":{"line":247,"column":85},"end":{"line":247,"column":86}}],"line":247},"47":{"loc":{"start":{"line":263,"column":26},"end":{"line":263,"column":94}},"type":"binary-expr","locations":[{"start":{"line":263,"column":26},"end":{"line":263,"column":45}},{"start":{"line":263,"column":49},"end":{"line":263,"column":86}},{"start":{"line":263,"column":90},"end":{"line":263,"column":94}}],"line":263},"48":{"loc":{"start":{"line":279,"column":10},"end":{"line":279,"column":20}},"type":"default-arg","locations":[{"start":{"line":279,"column":18},"end":{"line":279,"column":20}}],"line":279},"49":{"loc":{"start":{"line":279,"column":22},"end":{"line":279,"column":34}},"type":"default-arg","locations":[{"start":{"line":279,"column":32},"end":{"line":279,"column":34}}],"line":279},"50":{"loc":{"start":{"line":279,"column":36},"end":{"line":279,"column":46}},"type":"default-arg","locations":[{"start":{"line":279,"column":44},"end":{"line":279,"column":46}}],"line":279},"51":{"loc":{"start":{"line":281,"column":14},"end":{"line":281,"column":37}},"type":"binary-expr","locations":[{"start":{"line":281,"column":14},"end":{"line":281,"column":22}},{"start":{"line":281,"column":26},"end":{"line":281,"column":37}}],"line":281},"52":{"loc":{"start":{"line":282,"column":14},"end":{"line":282,"column":34}},"type":"binary-expr","locations":[{"start":{"line":282,"column":14},"end":{"line":282,"column":22}},{"start":{"line":282,"column":26},"end":{"line":282,"column":34}}],"line":282},"53":{"loc":{"start":{"line":283,"column":16},"end":{"line":283,"column":37}},"type":"binary-expr","locations":[{"start":{"line":283,"column":16},"end":{"line":283,"column":26}},{"start":{"line":283,"column":30},"end":{"line":283,"column":37}}],"line":283},"54":{"loc":{"start":{"line":284,"column":14},"end":{"line":284,"column":35}},"type":"binary-expr","locations":[{"start":{"line":284,"column":14},"end":{"line":284,"column":30}},{"start":{"line":284,"column":34},"end":{"line":284,"column":35}}],"line":284},"55":{"loc":{"start":{"line":286,"column":16},"end":{"line":286,"column":39}},"type":"binary-expr","locations":[{"start":{"line":286,"column":16},"end":{"line":286,"column":34}},{"start":{"line":286,"column":38},"end":{"line":286,"column":39}}],"line":286},"56":{"loc":{"start":{"line":287,"column":27},"end":{"line":287,"column":47}},"type":"binary-expr","locations":[{"start":{"line":287,"column":27},"end":{"line":287,"column":41}},{"start":{"line":287,"column":45},"end":{"line":287,"column":47}}],"line":287},"57":{"loc":{"start":{"line":290,"column":2},"end":{"line":290,"column":null}},"type":"if","locations":[{"start":{"line":290,"column":2},"end":{"line":290,"column":null}},{"start":{},"end":{}}],"line":290},"58":{"loc":{"start":{"line":292,"column":2},"end":{"line":298,"column":null}},"type":"if","locations":[{"start":{"line":292,"column":2},"end":{"line":298,"column":null}},{"start":{},"end":{}}],"line":292},"59":{"loc":{"start":{"line":299,"column":2},"end":{"line":299,"column":null}},"type":"if","locations":[{"start":{"line":299,"column":2},"end":{"line":299,"column":null}},{"start":{},"end":{}}],"line":299},"60":{"loc":{"start":{"line":300,"column":2},"end":{"line":300,"column":null}},"type":"if","locations":[{"start":{"line":300,"column":2},"end":{"line":300,"column":null}},{"start":{},"end":{}}],"line":300},"61":{"loc":{"start":{"line":306,"column":12},"end":{"line":306,"column":60}},"type":"cond-expr","locations":[{"start":{"line":306,"column":39},"end":{"line":306,"column":48}},{"start":{"line":306,"column":51},"end":{"line":306,"column":60}}],"line":306},"62":{"loc":{"start":{"line":329,"column":2},"end":{"line":329,"column":null}},"type":"if","locations":[{"start":{"line":329,"column":2},"end":{"line":329,"column":null}},{"start":{},"end":{}}],"line":329},"63":{"loc":{"start":{"line":333,"column":19},"end":{"line":333,"column":103}},"type":"cond-expr","locations":[{"start":{"line":333,"column":27},"end":{"line":333,"column":94}},{"start":{"line":333,"column":97},"end":{"line":333,"column":103}}],"line":333}},"s":{"0":2,"1":37,"2":2,"3":0,"4":4,"5":4,"6":4,"7":1,"8":3,"9":2,"10":0,"11":18,"12":41,"13":18,"14":36,"15":18,"16":36,"17":3,"18":18,"19":10,"20":16,"21":2,"22":2,"23":11,"24":2,"25":2,"26":11,"27":11,"28":11,"29":11,"30":11,"31":11,"32":11,"33":11,"34":0,"35":11,"36":11,"37":11,"38":0,"39":11,"40":11,"41":11,"42":1,"43":10,"44":10,"45":10,"46":10,"47":0,"48":11,"49":11,"50":11,"51":1,"52":9,"53":11,"54":1,"55":1,"56":4,"57":8,"58":9,"59":11,"60":11,"61":11,"62":2,"63":2,"64":2,"65":2,"66":2,"67":2,"68":0,"69":2,"70":2,"71":2,"72":0,"73":2,"74":2,"75":0,"76":2,"77":3,"78":2,"79":2,"80":2,"81":2,"82":2,"83":2,"84":2,"85":2,"86":1,"87":1,"88":1,"89":3,"90":2,"91":2,"92":2,"93":5,"94":5,"95":5,"96":5,"97":5,"98":5,"99":5,"100":5,"101":5,"102":5,"103":5,"104":5,"105":0,"106":5,"107":1,"108":4,"109":4,"110":3,"111":3,"112":2,"113":5,"114":2,"115":0,"116":2,"117":2},"f":{"0":37,"1":0,"2":4,"3":4,"4":0,"5":18,"6":41,"7":36,"8":36,"9":3,"10":10,"11":16,"12":2,"13":11,"14":2,"15":2,"16":11,"17":11,"18":0,"19":4,"20":2,"21":2,"22":0,"23":3,"24":2,"25":3,"26":5,"27":5,"28":2},"b":{"0":[37,0,0],"1":[0,0],"2":[4,0],"3":[1,3],"4":[4,3],"5":[18,0],"6":[41,40,37],"7":[10,8,8],"8":[16,0,0],"9":[2,1],"10":[2,9],"11":[2,0],"12":[11],"13":[11],"14":[11],"15":[11],"16":[11],"17":[11,0],"18":[11,0],"19":[11,11],"20":[0,11],"21":[11,1,1],"22":[0,11],"23":[1,10],"24":[10,8],"25":[11,8,8],"26":[1,10],"27":[11,2],"28":[9,8,8],"29":[1,8],"30":[1,3],"31":[9,8],"32":[2],"33":[2],"34":[2],"35":[2],"36":[2,0],"37":[0,2],"38":[2,0,0],"39":[0,2],"40":[2,1],"41":[1,1],"42":[2,0],"43":[2,2,2],"44":[1,1],"45":[1,0,0],"46":[1,2],"47":[2,1,1],"48":[5],"49":[5],"50":[5],"51":[5,0],"52":[5,0],"53":[5,5],"54":[5,2],"55":[5,1],"56":[5,0],"57":[0,5],"58":[1,4],"59":[1,3],"60":[1,2],"61":[1,1],"62":[0,2],"63":[1,1]},"meta":{"lastBranch":64,"lastFunction":29,"lastStatement":118,"seen":{"s:30:22:31:66":0,"f:30:22:30:23":0,"s:31:2:31:66":1,"b:31:2:31:15:31:19:31:36:31:40:31:66":0,"b:31:41:31:47:31:51:31:53":1,"s:33:15:33:45":2,"f:33:15:33:16":1,"s:33:21:33:45":3,"f:40:16:40:40":2,"s:41:15:41:46":4,"b:41:37:41:41:41:44:41:46":2,"b:42:2:44:Infinity:undefined:undefined:undefined:undefined":3,"s:42:2:44:Infinity":5,"b:42:6:42:21:42:25:42:67":4,"f:42:35:42:36":3,"s:42:42:42:66":6,"s:43:4:43:Infinity":7,"s:45:2:45:Infinity":8,"s:48:20:49:81":9,"f:48:20:48:21":4,"s:49:2:49:81":10,"f:52:16:52:34":5,"s:53:16:55:3":11,"b:53:17:53:22:53:26:53:28":5,"f:54:4:54:5":6,"s:54:11:54:Infinity":12,"b:54:11:54:33:54:37:54:58:54:62:54:Infinity":6,"s:56:16:56:70":13,"f:56:29:56:30":7,"s:56:41:56:66":14,"s:57:18:59:53":15,"f:58:12:58:13":8,"s:58:19:58:56":16,"f:59:12:59:13":9,"s:59:24:59:49":17,"s:60:2:60:Infinity":18,"f:64:9:64:28":10,"s:65:2:73:Infinity":19,"b:66:5:68:12:69:4:69:82:70:4:72:Infinity":7,"f:71:6:71:7":11,"s:71:13:71:Infinity":20,"b:71:13:71:37:71:41:71:62:71:66:71:Infinity":8,"f:77:9:77:28":12,"s:78:14:78:52":21,"b:78:26:78:46:78:50:78:51":9,"s:79:2:96:Infinity":22,"f:99:9:99:22":13,"s:100:2:102:Infinity":23,"b:101:6:101:Infinity:102:6:102:24":10,"f:100:22:100:23":14,"s:100:29:100:47":24,"f:101:18:101:19":15,"s:101:26:101:68":25,"b:101:47:101:64:101:67:101:68":11,"f:108:16:108:28":16,"s:109:64:109:69":26,"b:109:18:109:20":12,"b:109:32:109:34":13,"b:109:44:109:46":14,"b:109:57:109:59":15,"s:110:62:110:66":27,"b:110:52:110:57":16,"s:111:14:111:37":28,"b:111:14:111:22:111:26:111:37":17,"s:112:14:112:34":29,"b:112:14:112:22:112:26:112:34":18,"s:113:16:113:37":30,"b:113:16:113:26:113:30:113:37":19,"s:115:15:115:49":31,"f:115:26:115:27":17,"s:115:33:115:48":32,"b:116:2:116:Infinity:undefined:undefined:undefined:undefined":20,"s:116:2:116:Infinity":33,"s:116:13:116:Infinity":34,"s:118:21:118:92":35,"b:118:21:118:66:118:70:118:83:118:87:118:92":21,"s:119:26:119:68":36,"b:120:2:120:Infinity:undefined:undefined:undefined:undefined":22,"s:120:2:120:Infinity":37,"s:120:25:120:Infinity":38,"s:122:14:122:55":39,"s:123:21:123:43":40,"b:124:2:124:Infinity:undefined:undefined:undefined:undefined":23,"s:124:2:124:Infinity":41,"s:124:24:124:Infinity":42,"s:126:19:126:50":43,"s:127:22:127:47":44,"s:128:21:128:68":45,"s:130:3:130:93":46,"b:130:3:130:50:130:54:130:93":24,"f:130:67:130:68":18,"s:130:74:130:92":47,"s:131:26:131:102":48,"s:133:4:133:73":49,"b:133:4:133:23:133:27:133:64:133:68:133:73":25,"b:136:2:138:Infinity:undefined:undefined:undefined:undefined":26,"s:136:2:138:Infinity":50,"b:136:6:136:21:136:25:136:47":27,"s:137:4:137:Infinity":51,"s:140:23:140:85":52,"b:140:23:140:49:140:53:140:80:140:84:140:85":28,"b:143:2:177:Infinity:149:9:177:Infinity":29,"s:143:2:177:Infinity":53,"s:144:18:147:6":54,"s:148:4:148:Infinity":55,"f:148:26:148:27":19,"s:148:34:148:86":56,"b:148:64:148:82:148:85:148:86":30,"s:150:4:176:Infinity":57,"s:179:24:179:62":58,"b:179:36:179:56:179:60:179:61":31,"s:180:15:199:3":59,"s:200:22:200:61":60,"s:202:2:207:Infinity":61,"f:213:16:213:29":20,"s:214:64:214:69":62,"b:214:18:214:20":32,"b:214:32:214:34":33,"b:214:44:214:46":34,"b:214:57:214:59":35,"s:215:31:215:35":63,"s:216:14:216:34":64,"b:216:14:216:22:216:26:216:34":36,"s:218:15:218:49":65,"f:218:26:218:27":21,"s:218:33:218:48":66,"b:219:2:219:Infinity:undefined:undefined:undefined:undefined":37,"s:219:2:219:Infinity":67,"s:219:13:219:Infinity":68,"s:221:21:221:92":69,"b:221:21:221:66:221:70:221:83:221:87:221:92":38,"s:222:26:222:68":70,"b:223:2:223:Infinity:undefined:undefined:undefined:undefined":39,"s:223:2:223:Infinity":71,"s:223:25:223:Infinity":72,"s:225:19:225:50":73,"s:227:3:227:93":74,"b:227:3:227:50:227:54:227:93":40,"f:227:67:227:68":22,"s:227:74:227:92":75,"s:228:26:230:84":76,"b:229:6:229:Infinity:230:6:230:84":41,"f:229:17:229:18":23,"s:229:24:229:69":77,"f:230:17:230:18":24,"s:230:24:230:83":78,"b:230:24:230:49:230:53:230:83":42,"s:232:14:232:55":79,"s:233:21:233:43":80,"s:234:24:236:3":81,"b:235:4:235:38:235:42:235:77:235:81:235:Infinity":43,"s:237:22:237:47":82,"s:238:21:238:68":83,"s:240:18:240:23":84,"b:241:2:248:Infinity:undefined:undefined:undefined:undefined":44,"s:241:2:248:Infinity":85,"s:242:25:242:85":86,"b:242:25:242:50:242:54:242:80:242:84:242:85":45,"s:243:18:246:6":87,"s:247:4:247:Infinity":88,"f:247:26:247:27":25,"s:247:34:247:86":89,"b:247:64:247:82:247:85:247:86":46,"s:250:15:269:3":90,"b:263:26:263:45:263:49:263:86:263:90:263:94":47,"s:270:22:270:61":91,"s:272:2:272:Infinity":92,"f:278:16:278:36":26,"s:279:51:279:56":93,"b:279:18:279:20":48,"b:279:32:279:34":49,"b:279:44:279:46":50,"s:280:43:280:47":94,"s:281:14:281:37":95,"b:281:14:281:22:281:26:281:37":51,"s:282:14:282:34":96,"b:282:14:282:22:282:26:282:34":52,"s:283:16:283:37":97,"b:283:16:283:26:283:30:283:37":53,"s:284:14:284:35":98,"b:284:14:284:30:284:34:284:35":54,"s:285:19:285:32":99,"s:286:16:286:39":100,"b:286:16:286:34:286:38:286:39":55,"s:287:20:287:55":101,"b:287:27:287:41:287:45:287:47":56,"s:289:15:289:49":102,"f:289:26:289:27":27,"s:289:33:289:48":103,"b:290:2:290:Infinity:undefined:undefined:undefined:undefined":57,"s:290:2:290:Infinity":104,"s:290:13:290:Infinity":105,"b:292:2:298:Infinity:undefined:undefined:undefined:undefined":58,"s:292:2:298:Infinity":106,"s:293:4:297:Infinity":107,"b:299:2:299:Infinity:undefined:undefined:undefined:undefined":59,"s:299:2:299:Infinity":108,"s:299:18:299:Infinity":109,"b:300:2:300:Infinity:undefined:undefined:undefined:undefined":60,"s:300:2:300:Infinity":110,"s:300:18:300:Infinity":111,"s:302:20:321:3":112,"b:306:39:306:48:306:51:306:60":61,"s:323:2:323:Infinity":113,"f:328:16:328:41":28,"b:329:2:329:Infinity:undefined:undefined:undefined:undefined":62,"s:329:2:329:Infinity":114,"s:329:13:329:Infinity":115,"s:330:16:330:80":116,"s:331:2:334:Infinity":117,"b:333:27:333:94:333:97:333:103":63},"fnNames":{}}}
,"C:\\Projetos\\financas-pro\\src\\services\\cardInvoiceService.js": {"path":"C:\\Projetos\\financas-pro\\src\\services\\cardInvoiceService.js","statementMap":{"0":{"start":{"line":4,"column":39},"end":{"line":4,"column":79}},"1":{"start":{"line":6,"column":28},"end":{"line":6,"column":77}},"2":{"start":{"line":6,"column":50},"end":{"line":6,"column":77}},"3":{"start":{"line":8,"column":39},"end":{"line":10,"column":1}},"4":{"start":{"line":9,"column":2},"end":{"line":9,"column":63}},"5":{"start":{"line":12,"column":38},"end":{"line":18,"column":1}},"6":{"start":{"line":13,"column":15},"end":{"line":13,"column":38}},"7":{"start":{"line":14,"column":16},"end":{"line":14,"column":40}},"8":{"start":{"line":15,"column":2},"end":{"line":15,"column":48}},"9":{"start":{"line":15,"column":34},"end":{"line":15,"column":48}},"10":{"start":{"line":16,"column":2},"end":{"line":16,"column":43}},"11":{"start":{"line":16,"column":16},"end":{"line":16,"column":43}},"12":{"start":{"line":17,"column":2},"end":{"line":17,"column":19}},"13":{"start":{"line":20,"column":41},"end":{"line":26,"column":1}},"14":{"start":{"line":21,"column":15},"end":{"line":21,"column":38}},"15":{"start":{"line":22,"column":16},"end":{"line":22,"column":40}},"16":{"start":{"line":23,"column":2},"end":{"line":23,"column":48}},"17":{"start":{"line":23,"column":34},"end":{"line":23,"column":48}},"18":{"start":{"line":24,"column":2},"end":{"line":24,"column":33}},"19":{"start":{"line":24,"column":16},"end":{"line":24,"column":33}},"20":{"start":{"line":25,"column":2},"end":{"line":25,"column":20}},"21":{"start":{"line":28,"column":26},"end":{"line":28,"column":81}},"22":{"start":{"line":28,"column":37},"end":{"line":28,"column":81}},"23":{"start":{"line":30,"column":24},"end":{"line":36,"column":1}},"24":{"start":{"line":31,"column":2},"end":{"line":33,"column":3}},"25":{"start":{"line":32,"column":4},"end":{"line":32,"column":46}},"26":{"start":{"line":35,"column":2},"end":{"line":35,"column":30}},"27":{"start":{"line":38,"column":38},"end":{"line":43,"column":1}},"28":{"start":{"line":39,"column":19},"end":{"line":39,"column":64}},"29":{"start":{"line":40,"column":20},"end":{"line":40,"column":47}},"30":{"start":{"line":42,"column":2},"end":{"line":42,"column":82}},"31":{"start":{"line":45,"column":35},"end":{"line":52,"column":1}},"32":{"start":{"line":46,"column":15},"end":{"line":46,"column":37}},"33":{"start":{"line":47,"column":16},"end":{"line":47,"column":39}},"34":{"start":{"line":48,"column":2},"end":{"line":48,"column":37}},"35":{"start":{"line":48,"column":18},"end":{"line":48,"column":37}},"36":{"start":{"line":49,"column":2},"end":{"line":49,"column":35}},"37":{"start":{"line":49,"column":21},"end":{"line":49,"column":35}},"38":{"start":{"line":50,"column":2},"end":{"line":50,"column":43}},"39":{"start":{"line":50,"column":16},"end":{"line":50,"column":43}},"40":{"start":{"line":51,"column":2},"end":{"line":51,"column":33}},"41":{"start":{"line":54,"column":35},"end":{"line":58,"column":1}},"42":{"start":{"line":55,"column":2},"end":{"line":55,"column":63}},"43":{"start":{"line":55,"column":34},"end":{"line":55,"column":63}},"44":{"start":{"line":56,"column":2},"end":{"line":56,"column":70}},"45":{"start":{"line":56,"column":37},"end":{"line":56,"column":70}},"46":{"start":{"line":57,"column":2},"end":{"line":57,"column":18}},"47":{"start":{"line":60,"column":35},"end":{"line":67,"column":1}},"48":{"start":{"line":61,"column":2},"end":{"line":66,"column":11}},"49":{"start":{"line":63,"column":8},"end":{"line":64,"column":72}},"50":{"start":{"line":69,"column":47},"end":{"line":83,"column":1}},"51":{"start":{"line":75,"column":2},"end":{"line":75,"column":40}},"52":{"start":{"line":75,"column":26},"end":{"line":75,"column":40}},"53":{"start":{"line":76,"column":24},"end":{"line":76,"column":71}},"54":{"start":{"line":77,"column":2},"end":{"line":77,"column":56}},"55":{"start":{"line":77,"column":42},"end":{"line":77,"column":56}},"56":{"start":{"line":78,"column":2},"end":{"line":80,"column":3}},"57":{"start":{"line":79,"column":4},"end":{"line":79,"column":107}},"58":{"start":{"line":81,"column":24},"end":{"line":81,"column":92}},"59":{"start":{"line":82,"column":2},"end":{"line":82,"column":58}},"60":{"start":{"line":85,"column":31},"end":{"line":88,"column":1}},"61":{"start":{"line":86,"column":24},"end":{"line":86,"column":70}},"62":{"start":{"line":87,"column":2},"end":{"line":87,"column":90}},"63":{"start":{"line":90,"column":44},"end":{"line":92,"column":1}},"64":{"start":{"line":91,"column":2},"end":{"line":91,"column":87}},"65":{"start":{"line":94,"column":40},"end":{"line":101,"column":1}},"66":{"start":{"line":95,"column":2},"end":{"line":95,"column":39}},"67":{"start":{"line":95,"column":16},"end":{"line":95,"column":39}},"68":{"start":{"line":96,"column":19},"end":{"line":96,"column":33}},"69":{"start":{"line":97,"column":2},"end":{"line":97,"column":30}},"70":{"start":{"line":97,"column":13},"end":{"line":97,"column":30}},"71":{"start":{"line":98,"column":14},"end":{"line":98,"column":61}},"72":{"start":{"line":99,"column":21},"end":{"line":99,"column":81}},"73":{"start":{"line":100,"column":2},"end":{"line":100,"column":67}},"74":{"start":{"line":103,"column":32},"end":{"line":108,"column":1}},"75":{"start":{"line":104,"column":16},"end":{"line":104,"column":47}},"76":{"start":{"line":105,"column":2},"end":{"line":105,"column":117}},"77":{"start":{"line":105,"column":103},"end":{"line":105,"column":117}},"78":{"start":{"line":106,"column":2},"end":{"line":106,"column":53}},"79":{"start":{"line":106,"column":39},"end":{"line":106,"column":53}},"80":{"start":{"line":107,"column":2},"end":{"line":107,"column":15}}},"fnMap":{"0":{"name":"(anonymous_0)","decl":{"start":{"line":6,"column":28},"end":{"line":6,"column":29}},"loc":{"start":{"line":6,"column":50},"end":{"line":6,"column":77}},"line":6},"1":{"name":"(anonymous_1)","decl":{"start":{"line":8,"column":39},"end":{"line":8,"column":40}},"loc":{"start":{"line":9,"column":2},"end":{"line":9,"column":63}},"line":9},"2":{"name":"(anonymous_2)","decl":{"start":{"line":12,"column":38},"end":{"line":12,"column":39}},"loc":{"start":{"line":12,"column":67},"end":{"line":18,"column":1}},"line":12},"3":{"name":"(anonymous_3)","decl":{"start":{"line":20,"column":41},"end":{"line":20,"column":42}},"loc":{"start":{"line":20,"column":70},"end":{"line":26,"column":1}},"line":20},"4":{"name":"(anonymous_4)","decl":{"start":{"line":28,"column":26},"end":{"line":28,"column":27}},"loc":{"start":{"line":28,"column":37},"end":{"line":28,"column":81}},"line":28},"5":{"name":"(anonymous_5)","decl":{"start":{"line":30,"column":24},"end":{"line":30,"column":25}},"loc":{"start":{"line":30,"column":35},"end":{"line":36,"column":1}},"line":30},"6":{"name":"(anonymous_6)","decl":{"start":{"line":38,"column":38},"end":{"line":38,"column":39}},"loc":{"start":{"line":38,"column":47},"end":{"line":43,"column":1}},"line":38},"7":{"name":"(anonymous_7)","decl":{"start":{"line":45,"column":35},"end":{"line":45,"column":36}},"loc":{"start":{"line":45,"column":64},"end":{"line":52,"column":1}},"line":45},"8":{"name":"(anonymous_8)","decl":{"start":{"line":54,"column":35},"end":{"line":54,"column":36}},"loc":{"start":{"line":54,"column":54},"end":{"line":58,"column":1}},"line":54},"9":{"name":"(anonymous_9)","decl":{"start":{"line":60,"column":35},"end":{"line":60,"column":36}},"loc":{"start":{"line":60,"column":66},"end":{"line":67,"column":1}},"line":60},"10":{"name":"(anonymous_10)","decl":{"start":{"line":62,"column":19},"end":{"line":62,"column":20}},"loc":{"start":{"line":63,"column":8},"end":{"line":64,"column":72}},"line":63},"11":{"name":"(anonymous_11)","decl":{"start":{"line":69,"column":47},"end":{"line":69,"column":48}},"loc":{"start":{"line":74,"column":5},"end":{"line":83,"column":1}},"line":74},"12":{"name":"(anonymous_12)","decl":{"start":{"line":85,"column":31},"end":{"line":85,"column":32}},"loc":{"start":{"line":85,"column":62},"end":{"line":88,"column":1}},"line":85},"13":{"name":"(anonymous_13)","decl":{"start":{"line":90,"column":44},"end":{"line":90,"column":45}},"loc":{"start":{"line":90,"column":83},"end":{"line":92,"column":1}},"line":90},"14":{"name":"(anonymous_14)","decl":{"start":{"line":94,"column":40},"end":{"line":94,"column":41}},"loc":{"start":{"line":94,"column":59},"end":{"line":101,"column":1}},"line":94},"15":{"name":"(anonymous_15)","decl":{"start":{"line":103,"column":32},"end":{"line":103,"column":33}},"loc":{"start":{"line":103,"column":49},"end":{"line":108,"column":1}},"line":103}},"branchMap":{"0":{"loc":{"start":{"line":8,"column":46},"end":{"line":8,"column":61}},"type":"default-arg","locations":[{"start":{"line":8,"column":57},"end":{"line":8,"column":61}}],"line":8},"1":{"loc":{"start":{"line":9,"column":2},"end":{"line":9,"column":63}},"type":"binary-expr","locations":[{"start":{"line":9,"column":2},"end":{"line":9,"column":24}},{"start":{"line":9,"column":28},"end":{"line":9,"column":43}},{"start":{"line":9,"column":47},"end":{"line":9,"column":55}},{"start":{"line":9,"column":59},"end":{"line":9,"column":63}}],"line":9},"2":{"loc":{"start":{"line":13,"column":15},"end":{"line":13,"column":38}},"type":"binary-expr","locations":[{"start":{"line":13,"column":15},"end":{"line":13,"column":33}},{"start":{"line":13,"column":37},"end":{"line":13,"column":38}}],"line":13},"3":{"loc":{"start":{"line":14,"column":16},"end":{"line":14,"column":40}},"type":"binary-expr","locations":[{"start":{"line":14,"column":16},"end":{"line":14,"column":35}},{"start":{"line":14,"column":39},"end":{"line":14,"column":40}}],"line":14},"4":{"loc":{"start":{"line":15,"column":2},"end":{"line":15,"column":48}},"type":"if","locations":[{"start":{"line":15,"column":2},"end":{"line":15,"column":48}},{"start":{},"end":{}}],"line":15},"5":{"loc":{"start":{"line":15,"column":6},"end":{"line":15,"column":32}},"type":"binary-expr","locations":[{"start":{"line":15,"column":6},"end":{"line":15,"column":15}},{"start":{"line":15,"column":19},"end":{"line":15,"column":32}}],"line":15},"6":{"loc":{"start":{"line":16,"column":2},"end":{"line":16,"column":43}},"type":"if","locations":[{"start":{"line":16,"column":2},"end":{"line":16,"column":43}},{"start":{},"end":{}}],"line":16},"7":{"loc":{"start":{"line":21,"column":15},"end":{"line":21,"column":38}},"type":"binary-expr","locations":[{"start":{"line":21,"column":15},"end":{"line":21,"column":33}},{"start":{"line":21,"column":37},"end":{"line":21,"column":38}}],"line":21},"8":{"loc":{"start":{"line":22,"column":16},"end":{"line":22,"column":40}},"type":"binary-expr","locations":[{"start":{"line":22,"column":16},"end":{"line":22,"column":35}},{"start":{"line":22,"column":39},"end":{"line":22,"column":40}}],"line":22},"9":{"loc":{"start":{"line":23,"column":2},"end":{"line":23,"column":48}},"type":"if","locations":[{"start":{"line":23,"column":2},"end":{"line":23,"column":48}},{"start":{},"end":{}}],"line":23},"10":{"loc":{"start":{"line":23,"column":6},"end":{"line":23,"column":32}},"type":"binary-expr","locations":[{"start":{"line":23,"column":6},"end":{"line":23,"column":15}},{"start":{"line":23,"column":19},"end":{"line":23,"column":32}}],"line":23},"11":{"loc":{"start":{"line":24,"column":2},"end":{"line":24,"column":33}},"type":"if","locations":[{"start":{"line":24,"column":2},"end":{"line":24,"column":33}},{"start":{},"end":{}}],"line":24},"12":{"loc":{"start":{"line":28,"column":49},"end":{"line":28,"column":67}},"type":"binary-expr","locations":[{"start":{"line":28,"column":49},"end":{"line":28,"column":62}},{"start":{"line":28,"column":66},"end":{"line":28,"column":67}}],"line":28},"13":{"loc":{"start":{"line":31,"column":2},"end":{"line":33,"column":3}},"type":"if","locations":[{"start":{"line":31,"column":2},"end":{"line":33,"column":3}},{"start":{},"end":{}}],"line":31},"14":{"loc":{"start":{"line":32,"column":11},"end":{"line":32,"column":45}},"type":"cond-expr","locations":[{"start":{"line":32,"column":36},"end":{"line":32,"column":41}},{"start":{"line":32,"column":44},"end":{"line":32,"column":45}}],"line":32},"15":{"loc":{"start":{"line":39,"column":31},"end":{"line":39,"column":63}},"type":"binary-expr","locations":[{"start":{"line":39,"column":31},"end":{"line":39,"column":58}},{"start":{"line":39,"column":62},"end":{"line":39,"column":63}}],"line":39},"16":{"loc":{"start":{"line":42,"column":20},"end":{"line":42,"column":80}},"type":"cond-expr","locations":[{"start":{"line":42,"column":48},"end":{"line":42,"column":68}},{"start":{"line":42,"column":71},"end":{"line":42,"column":80}}],"line":42},"17":{"loc":{"start":{"line":48,"column":2},"end":{"line":48,"column":37}},"type":"if","locations":[{"start":{"line":48,"column":2},"end":{"line":48,"column":37}},{"start":{},"end":{}}],"line":48},"18":{"loc":{"start":{"line":49,"column":2},"end":{"line":49,"column":35}},"type":"if","locations":[{"start":{"line":49,"column":2},"end":{"line":49,"column":35}},{"start":{},"end":{}}],"line":49},"19":{"loc":{"start":{"line":50,"column":2},"end":{"line":50,"column":43}},"type":"if","locations":[{"start":{"line":50,"column":2},"end":{"line":50,"column":43}},{"start":{},"end":{}}],"line":50},"20":{"loc":{"start":{"line":55,"column":2},"end":{"line":55,"column":63}},"type":"if","locations":[{"start":{"line":55,"column":2},"end":{"line":55,"column":63}},{"start":{},"end":{}}],"line":55},"21":{"loc":{"start":{"line":56,"column":2},"end":{"line":56,"column":70}},"type":"if","locations":[{"start":{"line":56,"column":2},"end":{"line":56,"column":70}},{"start":{},"end":{}}],"line":56},"22":{"loc":{"start":{"line":61,"column":9},"end":{"line":66,"column":10}},"type":"cond-expr","locations":[{"start":{"line":62,"column":6},"end":{"line":65,"column":7}},{"start":{"line":66,"column":6},"end":{"line":66,"column":10}}],"line":61},"23":{"loc":{"start":{"line":63,"column":8},"end":{"line":64,"column":72}},"type":"binary-expr","locations":[{"start":{"line":63,"column":8},"end":{"line":63,"column":27}},{"start":{"line":64,"column":8},"end":{"line":64,"column":72}}],"line":63},"24":{"loc":{"start":{"line":64,"column":9},"end":{"line":64,"column":58}},"type":"binary-expr","locations":[{"start":{"line":64,"column":9},"end":{"line":64,"column":26}},{"start":{"line":64,"column":30},"end":{"line":64,"column":43}},{"start":{"line":64,"column":47},"end":{"line":64,"column":58}}],"line":64},"25":{"loc":{"start":{"line":73,"column":2},"end":{"line":73,"column":23}},"type":"default-arg","locations":[{"start":{"line":73,"column":12},"end":{"line":73,"column":23}}],"line":73},"26":{"loc":{"start":{"line":75,"column":2},"end":{"line":75,"column":40}},"type":"if","locations":[{"start":{"line":75,"column":2},"end":{"line":75,"column":40}},{"start":{},"end":{}}],"line":75},"27":{"loc":{"start":{"line":75,"column":6},"end":{"line":75,"column":24}},"type":"binary-expr","locations":[{"start":{"line":75,"column":6},"end":{"line":75,"column":11}},{"start":{"line":75,"column":15},"end":{"line":75,"column":24}}],"line":75},"28":{"loc":{"start":{"line":77,"column":2},"end":{"line":77,"column":56}},"type":"if","locations":[{"start":{"line":77,"column":2},"end":{"line":77,"column":56}},{"start":{},"end":{}}],"line":77},"29":{"loc":{"start":{"line":78,"column":2},"end":{"line":80,"column":3}},"type":"if","locations":[{"start":{"line":78,"column":2},"end":{"line":80,"column":3}},{"start":{},"end":{}}],"line":78},"30":{"loc":{"start":{"line":78,"column":6},"end":{"line":78,"column":77}},"type":"binary-expr","locations":[{"start":{"line":78,"column":6},"end":{"line":78,"column":19}},{"start":{"line":78,"column":23},"end":{"line":78,"column":77}}],"line":78},"31":{"loc":{"start":{"line":79,"column":11},"end":{"line":79,"column":106}},"type":"binary-expr","locations":[{"start":{"line":79,"column":11},"end":{"line":79,"column":36}},{"start":{"line":79,"column":40},"end":{"line":79,"column":68}},{"start":{"line":79,"column":72},"end":{"line":79,"column":94}},{"start":{"line":79,"column":98},"end":{"line":79,"column":106}}],"line":79},"32":{"loc":{"start":{"line":81,"column":51},"end":{"line":81,"column":91}},"type":"binary-expr","locations":[{"start":{"line":81,"column":51},"end":{"line":81,"column":66}},{"start":{"line":81,"column":70},"end":{"line":81,"column":85}},{"start":{"line":81,"column":89},"end":{"line":81,"column":91}}],"line":81},"33":{"loc":{"start":{"line":82,"column":9},"end":{"line":82,"column":57}},"type":"cond-expr","locations":[{"start":{"line":82,"column":37},"end":{"line":82,"column":48}},{"start":{"line":82,"column":51},"end":{"line":82,"column":57}}],"line":82},"34":{"loc":{"start":{"line":87,"column":17},"end":{"line":87,"column":88}},"type":"binary-expr","locations":[{"start":{"line":87,"column":17},"end":{"line":87,"column":30}},{"start":{"line":87,"column":34},"end":{"line":87,"column":88}}],"line":87},"35":{"loc":{"start":{"line":95,"column":2},"end":{"line":95,"column":39}},"type":"if","locations":[{"start":{"line":95,"column":2},"end":{"line":95,"column":39}},{"start":{},"end":{}}],"line":95},"36":{"loc":{"start":{"line":97,"column":2},"end":{"line":97,"column":30}},"type":"if","locations":[{"start":{"line":97,"column":2},"end":{"line":97,"column":30}},{"start":{},"end":{}}],"line":97},"37":{"loc":{"start":{"line":98,"column":14},"end":{"line":98,"column":61}},"type":"binary-expr","locations":[{"start":{"line":98,"column":14},"end":{"line":98,"column":56}},{"start":{"line":98,"column":60},"end":{"line":98,"column":61}}],"line":98},"38":{"loc":{"start":{"line":99,"column":21},"end":{"line":99,"column":81}},"type":"binary-expr","locations":[{"start":{"line":99,"column":21},"end":{"line":99,"column":75}},{"start":{"line":99,"column":79},"end":{"line":99,"column":81}}],"line":99},"39":{"loc":{"start":{"line":99,"column":30},"end":{"line":99,"column":70}},"type":"binary-expr","locations":[{"start":{"line":99,"column":30},"end":{"line":99,"column":45}},{"start":{"line":99,"column":49},"end":{"line":99,"column":64}},{"start":{"line":99,"column":68},"end":{"line":99,"column":70}}],"line":99},"40":{"loc":{"start":{"line":100,"column":9},"end":{"line":100,"column":66}},"type":"cond-expr","locations":[{"start":{"line":100,"column":29},"end":{"line":100,"column":38}},{"start":{"line":100,"column":40},"end":{"line":100,"column":66}}],"line":100},"41":{"loc":{"start":{"line":104,"column":16},"end":{"line":104,"column":47}},"type":"binary-expr","locations":[{"start":{"line":104,"column":16},"end":{"line":104,"column":42}},{"start":{"line":104,"column":46},"end":{"line":104,"column":47}}],"line":104},"42":{"loc":{"start":{"line":105,"column":2},"end":{"line":105,"column":117}},"type":"if","locations":[{"start":{"line":105,"column":2},"end":{"line":105,"column":117}},{"start":{},"end":{}}],"line":105},"43":{"loc":{"start":{"line":105,"column":6},"end":{"line":105,"column":101}},"type":"binary-expr","locations":[{"start":{"line":105,"column":6},"end":{"line":105,"column":54}},{"start":{"line":105,"column":58},"end":{"line":105,"column":101}}],"line":105},"44":{"loc":{"start":{"line":106,"column":2},"end":{"line":106,"column":53}},"type":"if","locations":[{"start":{"line":106,"column":2},"end":{"line":106,"column":53}},{"start":{},"end":{}}],"line":106}},"s":{"0":2,"1":2,"2":12,"3":2,"4":13,"5":2,"6":9,"7":9,"8":9,"9":0,"10":9,"11":1,"12":8,"13":2,"14":2,"15":2,"16":2,"17":0,"18":2,"19":1,"20":1,"21":2,"22":61,"23":2,"24":0,"25":0,"26":0,"27":2,"28":0,"29":0,"30":0,"31":2,"32":0,"33":0,"34":0,"35":0,"36":0,"37":0,"38":0,"39":0,"40":0,"41":2,"42":0,"43":0,"44":0,"45":0,"46":0,"47":2,"48":21,"49":7,"50":2,"51":9,"52":0,"53":9,"54":9,"55":0,"56":9,"57":4,"58":5,"59":9,"60":2,"61":0,"62":0,"63":2,"64":7,"65":2,"66":0,"67":0,"68":0,"69":0,"70":0,"71":0,"72":0,"73":0,"74":2,"75":39,"76":39,"77":4,"78":35,"79":0,"80":35},"f":{"0":12,"1":13,"2":9,"3":2,"4":61,"5":0,"6":0,"7":0,"8":0,"9":21,"10":7,"11":9,"12":0,"13":7,"14":0,"15":39},"b":{"0":[13],"1":[13,1,1,0],"2":[9,8],"3":[9,0],"4":[0,9],"5":[9,9],"6":[1,8],"7":[2,1],"8":[2,0],"9":[0,2],"10":[2,2],"11":[1,1],"12":[61,23],"13":[0,0],"14":[0,0],"15":[0,0],"16":[0,0],"17":[0,0],"18":[0,0],"19":[0,0],"20":[0,0],"21":[0,0],"22":[21,0],"23":[7,7],"24":[7,0,0],"25":[9],"26":[0,9],"27":[9,9],"28":[0,9],"29":[4,5],"30":[9,4],"31":[4,0,0,0],"32":[5,5,5],"33":[0,5],"34":[0,0],"35":[0,0],"36":[0,0],"37":[0,0],"38":[0,0],"39":[0,0,0],"40":[0,0],"41":[39,0],"42":[4,35],"43":[39,6],"44":[0,35]},"meta":{"lastBranch":45,"lastFunction":16,"lastStatement":81,"seen":{"s:4:39:4:79":0,"s:6:28:6:77":1,"f:6:28:6:29":0,"s:6:50:6:77":2,"s:8:39:10:1":3,"f:8:39:8:40":1,"s:9:2:9:63":4,"b:8:57:8:61":0,"b:9:2:9:24:9:28:9:43:9:47:9:55:9:59:9:63":1,"s:12:38:18:1":5,"f:12:38:12:39":2,"s:13:15:13:38":6,"b:13:15:13:33:13:37:13:38":2,"s:14:16:14:40":7,"b:14:16:14:35:14:39:14:40":3,"b:15:2:15:48:undefined:undefined:undefined:undefined":4,"s:15:2:15:48":8,"b:15:6:15:15:15:19:15:32":5,"s:15:34:15:48":9,"b:16:2:16:43:undefined:undefined:undefined:undefined":6,"s:16:2:16:43":10,"s:16:16:16:43":11,"s:17:2:17:19":12,"s:20:41:26:1":13,"f:20:41:20:42":3,"s:21:15:21:38":14,"b:21:15:21:33:21:37:21:38":7,"s:22:16:22:40":15,"b:22:16:22:35:22:39:22:40":8,"b:23:2:23:48:undefined:undefined:undefined:undefined":9,"s:23:2:23:48":16,"b:23:6:23:15:23:19:23:32":10,"s:23:34:23:48":17,"b:24:2:24:33:undefined:undefined:undefined:undefined":11,"s:24:2:24:33":18,"s:24:16:24:33":19,"s:25:2:25:20":20,"s:28:26:28:81":21,"f:28:26:28:27":4,"s:28:37:28:81":22,"b:28:49:28:62:28:66:28:67":12,"s:30:24:36:1":23,"f:30:24:30:25":5,"b:31:2:33:3:undefined:undefined:undefined:undefined":13,"s:31:2:33:3":24,"s:32:4:32:46":25,"b:32:36:32:41:32:44:32:45":14,"s:35:2:35:30":26,"s:38:38:43:1":27,"f:38:38:38:39":6,"s:39:19:39:64":28,"b:39:31:39:58:39:62:39:63":15,"s:40:20:40:47":29,"s:42:2:42:82":30,"b:42:48:42:68:42:71:42:80":16,"s:45:35:52:1":31,"f:45:35:45:36":7,"s:46:15:46:37":32,"s:47:16:47:39":33,"b:48:2:48:37:undefined:undefined:undefined:undefined":17,"s:48:2:48:37":34,"s:48:18:48:37":35,"b:49:2:49:35:undefined:undefined:undefined:undefined":18,"s:49:2:49:35":36,"s:49:21:49:35":37,"b:50:2:50:43:undefined:undefined:undefined:undefined":19,"s:50:2:50:43":38,"s:50:16:50:43":39,"s:51:2:51:33":40,"s:54:35:58:1":41,"f:54:35:54:36":8,"b:55:2:55:63:undefined:undefined:undefined:undefined":20,"s:55:2:55:63":42,"s:55:34:55:63":43,"b:56:2:56:70:undefined:undefined:undefined:undefined":21,"s:56:2:56:70":44,"s:56:37:56:70":45,"s:57:2:57:18":46,"s:60:35:67:1":47,"f:60:35:60:36":9,"s:61:2:66:11":48,"b:62:6:65:7:66:6:66:10":22,"f:62:19:62:20":10,"s:63:8:64:72":49,"b:63:8:63:27:64:8:64:72":23,"b:64:9:64:26:64:30:64:43:64:47:64:58":24,"s:69:47:83:1":50,"f:69:47:69:48":11,"b:73:12:73:23":25,"b:75:2:75:40:undefined:undefined:undefined:undefined":26,"s:75:2:75:40":51,"b:75:6:75:11:75:15:75:24":27,"s:75:26:75:40":52,"s:76:24:76:71":53,"b:77:2:77:56:undefined:undefined:undefined:undefined":28,"s:77:2:77:56":54,"s:77:42:77:56":55,"b:78:2:80:3:undefined:undefined:undefined:undefined":29,"s:78:2:80:3":56,"b:78:6:78:19:78:23:78:77":30,"s:79:4:79:107":57,"b:79:11:79:36:79:40:79:68:79:72:79:94:79:98:79:106":31,"s:81:24:81:92":58,"b:81:51:81:66:81:70:81:85:81:89:81:91":32,"s:82:2:82:58":59,"b:82:37:82:48:82:51:82:57":33,"s:85:31:88:1":60,"f:85:31:85:32":12,"s:86:24:86:70":61,"s:87:2:87:90":62,"b:87:17:87:30:87:34:87:88":34,"s:90:44:92:1":63,"f:90:44:90:45":13,"s:91:2:91:87":64,"s:94:40:101:1":65,"f:94:40:94:41":14,"b:95:2:95:39:undefined:undefined:undefined:undefined":35,"s:95:2:95:39":66,"s:95:16:95:39":67,"s:96:19:96:33":68,"b:97:2:97:30:undefined:undefined:undefined:undefined":36,"s:97:2:97:30":69,"s:97:13:97:30":70,"s:98:14:98:61":71,"b:98:14:98:56:98:60:98:61":37,"s:99:21:99:81":72,"b:99:21:99:75:99:79:99:81":38,"b:99:30:99:45:99:49:99:64:99:68:99:70":39,"s:100:2:100:67":73,"b:100:29:100:38:100:40:100:66":40,"s:103:32:108:1":74,"f:103:32:103:33":15,"s:104:16:104:47":75,"b:104:16:104:42:104:46:104:47":41,"b:105:2:105:117:undefined:undefined:undefined:undefined":42,"s:105:2:105:117":76,"b:105:6:105:54:105:58:105:101":43,"s:105:103:105:117":77,"b:106:2:106:53:undefined:undefined:undefined:undefined":44,"s:106:2:106:53":78,"s:106:39:106:53":79,"s:107:2:107:15":80},"fnNames":{}}}
,"C:\\Projetos\\financas-pro\\src\\services\\migrationPipeline.js": {"path":"C:\\Projetos\\financas-pro\\src\\services\\migrationPipeline.js","statementMap":{"0":{"start":{"line":24,"column":36},"end":{"line":24,"column":37}},"1":{"start":{"line":28,"column":25},"end":{"line":35,"column":1}},"2":{"start":{"line":32,"column":18},"end":{"line":32,"column":46}},"3":{"start":{"line":42,"column":13},"end":{"line":42,"column":17}},"4":{"start":{"line":43,"column":16},"end":{"line":43,"column":27}},"5":{"start":{"line":44,"column":2},"end":{"line":49,"column":null}},"6":{"start":{"line":45,"column":4},"end":{"line":48,"column":null}},"7":{"start":{"line":46,"column":6},"end":{"line":46,"column":null}},"8":{"start":{"line":47,"column":6},"end":{"line":47,"column":null}},"9":{"start":{"line":50,"column":2},"end":{"line":50,"column":null}}},"fnMap":{"0":{"name":"(anonymous_0)","decl":{"start":{"line":32,"column":9},"end":{"line":32,"column":10}},"loc":{"start":{"line":32,"column":18},"end":{"line":32,"column":46}},"line":32},"1":{"name":"migrateTransactions","decl":{"start":{"line":41,"column":16},"end":{"line":41,"column":35}},"loc":{"start":{"line":41,"column":59},"end":{"line":51,"column":null}},"line":41}},"branchMap":{"0":{"loc":{"start":{"line":41,"column":42},"end":{"line":41,"column":57}},"type":"default-arg","locations":[{"start":{"line":41,"column":56},"end":{"line":41,"column":57}}],"line":41},"1":{"loc":{"start":{"line":45,"column":4},"end":{"line":48,"column":null}},"type":"if","locations":[{"start":{"line":45,"column":4},"end":{"line":48,"column":null}},{"start":{},"end":{}}],"line":45}},"s":{"0":1,"1":1,"2":1,"3":2,"4":2,"5":2,"6":2,"7":1,"8":1,"9":2},"f":{"0":1,"1":2},"b":{"0":[2],"1":[1,1]},"meta":{"lastBranch":2,"lastFunction":2,"lastStatement":10,"seen":{"s:24:36:24:37":0,"s:28:25:35:1":1,"f:32:9:32:10":0,"s:32:18:32:46":2,"f:41:16:41:35":1,"b:41:56:41:57":0,"s:42:13:42:17":3,"s:43:16:43:27":4,"s:44:2:49:Infinity":5,"b:45:4:48:Infinity:undefined:undefined:undefined:undefined":1,"s:45:4:48:Infinity":6,"s:46:6:46:Infinity":7,"s:47:6:47:Infinity":8,"s:50:2:50:Infinity":9},"fnNames":{}}}
,"C:\\Projetos\\financas-pro\\src\\services\\transactionNormalizer.js": {"path":"C:\\Projetos\\financas-pro\\src\\services\\transactionNormalizer.js","statementMap":{"0":{"start":{"line":25,"column":32},"end":{"line":31,"column":1}},"1":{"start":{"line":37,"column":2},"end":{"line":37,"column":null}},"2":{"start":{"line":37,"column":35},"end":{"line":37,"column":null}},"3":{"start":{"line":38,"column":16},"end":{"line":38,"column":21}},"4":{"start":{"line":39,"column":16},"end":{"line":39,"column":18}},"5":{"start":{"line":40,"column":2},"end":{"line":53,"column":null}},"6":{"start":{"line":41,"column":18},"end":{"line":41,"column":80}},"7":{"start":{"line":42,"column":18},"end":{"line":42,"column":80}},"8":{"start":{"line":43,"column":4},"end":{"line":52,"column":null}},"9":{"start":{"line":44,"column":6},"end":{"line":44,"column":null}},"10":{"start":{"line":45,"column":6},"end":{"line":45,"column":null}},"11":{"start":{"line":46,"column":11},"end":{"line":52,"column":null}},"12":{"start":{"line":47,"column":6},"end":{"line":47,"column":null}},"13":{"start":{"line":48,"column":6},"end":{"line":48,"column":null}},"14":{"start":{"line":49,"column":11},"end":{"line":52,"column":null}},"15":{"start":{"line":50,"column":6},"end":{"line":50,"column":null}},"16":{"start":{"line":51,"column":6},"end":{"line":51,"column":null}},"17":{"start":{"line":54,"column":2},"end":{"line":54,"column":null}},"18":{"start":{"line":61,"column":2},"end":{"line":61,"column":null}},"19":{"start":{"line":61,"column":28},"end":{"line":61,"column":null}},"20":{"start":{"line":62,"column":19},"end":{"line":62,"column":24}},"21":{"start":{"line":63,"column":15},"end":{"line":67,"column":4}},"22":{"start":{"line":64,"column":14},"end":{"line":64,"column":37}},"23":{"start":{"line":65,"column":4},"end":{"line":65,"column":null}},"24":{"start":{"line":65,"column":17},"end":{"line":65,"column":null}},"25":{"start":{"line":66,"column":4},"end":{"line":66,"column":null}},"26":{"start":{"line":68,"column":2},"end":{"line":68,"column":null}},"27":{"start":{"line":75,"column":2},"end":{"line":75,"column":null}}},"fnMap":{"0":{"name":"normalizeTransaction","decl":{"start":{"line":36,"column":16},"end":{"line":36,"column":36}},"loc":{"start":{"line":36,"column":40},"end":{"line":55,"column":null}},"line":36},"1":{"name":"normalizeTransactions","decl":{"start":{"line":60,"column":16},"end":{"line":60,"column":37}},"loc":{"start":{"line":60,"column":44},"end":{"line":69,"column":null}},"line":60},"2":{"name":"(anonymous_2)","decl":{"start":{"line":63,"column":24},"end":{"line":63,"column":25}},"loc":{"start":{"line":63,"column":31},"end":{"line":67,"column":3}},"line":63},"3":{"name":"withDualFields","decl":{"start":{"line":74,"column":16},"end":{"line":74,"column":30}},"loc":{"start":{"line":74,"column":40},"end":{"line":76,"column":null}},"line":74}},"branchMap":{"0":{"loc":{"start":{"line":37,"column":2},"end":{"line":37,"column":null}},"type":"if","locations":[{"start":{"line":37,"column":2},"end":{"line":37,"column":null}},{"start":{},"end":{}}],"line":37},"1":{"loc":{"start":{"line":37,"column":6},"end":{"line":37,"column":33}},"type":"binary-expr","locations":[{"start":{"line":37,"column":6},"end":{"line":37,"column":8}},{"start":{"line":37,"column":12},"end":{"line":37,"column":33}}],"line":37},"2":{"loc":{"start":{"line":41,"column":18},"end":{"line":41,"column":80}},"type":"binary-expr","locations":[{"start":{"line":41,"column":18},"end":{"line":41,"column":40}},{"start":{"line":41,"column":44},"end":{"line":41,"column":61}},{"start":{"line":41,"column":65},"end":{"line":41,"column":80}}],"line":41},"3":{"loc":{"start":{"line":42,"column":18},"end":{"line":42,"column":80}},"type":"binary-expr","locations":[{"start":{"line":42,"column":18},"end":{"line":42,"column":40}},{"start":{"line":42,"column":44},"end":{"line":42,"column":61}},{"start":{"line":42,"column":65},"end":{"line":42,"column":80}}],"line":42},"4":{"loc":{"start":{"line":43,"column":4},"end":{"line":52,"column":null}},"type":"if","locations":[{"start":{"line":43,"column":4},"end":{"line":52,"column":null}},{"start":{"line":46,"column":11},"end":{"line":52,"column":null}}],"line":43},"5":{"loc":{"start":{"line":43,"column":8},"end":{"line":43,"column":23}},"type":"binary-expr","locations":[{"start":{"line":43,"column":8},"end":{"line":43,"column":13}},{"start":{"line":43,"column":17},"end":{"line":43,"column":23}}],"line":43},"6":{"loc":{"start":{"line":46,"column":11},"end":{"line":52,"column":null}},"type":"if","locations":[{"start":{"line":46,"column":11},"end":{"line":52,"column":null}},{"start":{"line":49,"column":11},"end":{"line":52,"column":null}}],"line":46},"7":{"loc":{"start":{"line":46,"column":15},"end":{"line":46,"column":30}},"type":"binary-expr","locations":[{"start":{"line":46,"column":15},"end":{"line":46,"column":21}},{"start":{"line":46,"column":25},"end":{"line":46,"column":30}}],"line":46},"8":{"loc":{"start":{"line":49,"column":11},"end":{"line":52,"column":null}},"type":"if","locations":[{"start":{"line":49,"column":11},"end":{"line":52,"column":null}},{"start":{},"end":{}}],"line":49},"9":{"loc":{"start":{"line":49,"column":15},"end":{"line":49,"column":54}},"type":"binary-expr","locations":[{"start":{"line":49,"column":15},"end":{"line":49,"column":20}},{"start":{"line":49,"column":24},"end":{"line":49,"column":29}},{"start":{"line":49,"column":33},"end":{"line":49,"column":54}}],"line":49},"10":{"loc":{"start":{"line":54,"column":9},"end":{"line":54,"column":41}},"type":"cond-expr","locations":[{"start":{"line":54,"column":19},"end":{"line":54,"column":37}},{"start":{"line":54,"column":40},"end":{"line":54,"column":41}}],"line":54},"11":{"loc":{"start":{"line":61,"column":2},"end":{"line":61,"column":null}},"type":"if","locations":[{"start":{"line":61,"column":2},"end":{"line":61,"column":null}},{"start":{},"end":{}}],"line":61},"12":{"loc":{"start":{"line":65,"column":4},"end":{"line":65,"column":null}},"type":"if","locations":[{"start":{"line":65,"column":4},"end":{"line":65,"column":null}},{"start":{},"end":{}}],"line":65},"13":{"loc":{"start":{"line":68,"column":9},"end":{"line":68,"column":33}},"type":"cond-expr","locations":[{"start":{"line":68,"column":22},"end":{"line":68,"column":26}},{"start":{"line":68,"column":29},"end":{"line":68,"column":33}}],"line":68}},"s":{"0":1,"1":14,"2":2,"3":12,"4":12,"5":12,"6":60,"7":60,"8":60,"9":15,"10":15,"11":45,"12":2,"13":2,"14":43,"15":2,"16":2,"17":12,"18":5,"19":0,"20":5,"21":5,"22":6,"23":6,"24":3,"25":6,"26":5,"27":1},"f":{"0":14,"1":5,"2":6,"3":1},"b":{"0":[2,12],"1":[14,12],"2":[60,25,25],"3":[60,12,12],"4":[15,45],"5":[60,25],"6":[2,43],"7":[45,35],"8":[2,41],"9":[43,10,10],"10":[8,4],"11":[0,5],"12":[3,3],"13":[3,2]},"meta":{"lastBranch":14,"lastFunction":4,"lastStatement":28,"seen":{"s:25:32:31:1":0,"f:36:16:36:36":0,"b:37:2:37:Infinity:undefined:undefined:undefined:undefined":0,"s:37:2:37:Infinity":1,"b:37:6:37:8:37:12:37:33":1,"s:37:35:37:Infinity":2,"s:38:16:38:21":3,"s:39:16:39:18":4,"s:40:2:53:Infinity":5,"s:41:18:41:80":6,"b:41:18:41:40:41:44:41:61:41:65:41:80":2,"s:42:18:42:80":7,"b:42:18:42:40:42:44:42:61:42:65:42:80":3,"b:43:4:52:Infinity:46:11:52:Infinity":4,"s:43:4:52:Infinity":8,"b:43:8:43:13:43:17:43:23":5,"s:44:6:44:Infinity":9,"s:45:6:45:Infinity":10,"b:46:11:52:Infinity:49:11:52:Infinity":6,"s:46:11:52:Infinity":11,"b:46:15:46:21:46:25:46:30":7,"s:47:6:47:Infinity":12,"s:48:6:48:Infinity":13,"b:49:11:52:Infinity:undefined:undefined:undefined:undefined":8,"s:49:11:52:Infinity":14,"b:49:15:49:20:49:24:49:29:49:33:49:54":9,"s:50:6:50:Infinity":15,"s:51:6:51:Infinity":16,"s:54:2:54:Infinity":17,"b:54:19:54:37:54:40:54:41":10,"f:60:16:60:37":1,"b:61:2:61:Infinity:undefined:undefined:undefined:undefined":11,"s:61:2:61:Infinity":18,"s:61:28:61:Infinity":19,"s:62:19:62:24":20,"s:63:15:67:4":21,"f:63:24:63:25":2,"s:64:14:64:37":22,"b:65:4:65:Infinity:undefined:undefined:undefined:undefined":12,"s:65:4:65:Infinity":23,"s:65:17:65:Infinity":24,"s:66:4:66:Infinity":25,"s:68:2:68:Infinity":26,"b:68:22:68:26:68:29:68:33":13,"f:74:16:74:30":3,"s:75:2:75:Infinity":27},"fnNames":{}}}
,"C:\\Projetos\\financas-pro\\src\\utils\\dateUtils.js": {"path":"C:\\Projetos\\financas-pro\\src\\utils\\dateUtils.js","statementMap":{"0":{"start":{"line":1,"column":23},"end":{"line":1,"column":86}},"1":{"start":{"line":1,"column":32},"end":{"line":1,"column":86}},"2":{"start":{"line":3,"column":20},"end":{"line":3,"column":54}},"3":{"start":{"line":3,"column":29},"end":{"line":3,"column":54}},"4":{"start":{"line":8,"column":24},"end":{"line":11,"column":1}},"5":{"start":{"line":9,"column":12},"end":{"line":9,"column":22}},"6":{"start":{"line":10,"column":2},"end":{"line":10,"column":null}},"7":{"start":{"line":13,"column":29},"end":{"line":13,"column":57}},"8":{"start":{"line":13,"column":35},"end":{"line":13,"column":57}},"9":{"start":{"line":15,"column":35},"end":{"line":19,"column":1}},"10":{"start":{"line":16,"column":24},"end":{"line":16,"column":55}},"11":{"start":{"line":17,"column":15},"end":{"line":17,"column":52}},"12":{"start":{"line":18,"column":2},"end":{"line":18,"column":null}},"13":{"start":{"line":21,"column":31},"end":{"line":25,"column":1}},"14":{"start":{"line":22,"column":29},"end":{"line":22,"column":59}},"15":{"start":{"line":23,"column":17},"end":{"line":23,"column":60}},"16":{"start":{"line":24,"column":2},"end":{"line":24,"column":null}},"17":{"start":{"line":27,"column":27},"end":{"line":27,"column":86}},"18":{"start":{"line":27,"column":49},"end":{"line":27,"column":86}},"19":{"start":{"line":29,"column":28},"end":{"line":29,"column":56}},"20":{"start":{"line":29,"column":38},"end":{"line":29,"column":56}},"21":{"start":{"line":31,"column":31},"end":{"line":36,"column":1}},"22":{"start":{"line":32,"column":24},"end":{"line":32,"column":55}},"23":{"start":{"line":33,"column":17},"end":{"line":33,"column":51}},"24":{"start":{"line":34,"column":18},"end":{"line":34,"column":67}},"25":{"start":{"line":35,"column":2},"end":{"line":35,"column":null}},"26":{"start":{"line":38,"column":29},"end":{"line":41,"column":1}},"27":{"start":{"line":39,"column":2},"end":{"line":39,"column":null}},"28":{"start":{"line":39,"column":52},"end":{"line":39,"column":null}},"29":{"start":{"line":40,"column":2},"end":{"line":40,"column":null}},"30":{"start":{"line":43,"column":34},"end":{"line":47,"column":1}},"31":{"start":{"line":44,"column":2},"end":{"line":44,"column":null}},"32":{"start":{"line":44,"column":60},"end":{"line":44,"column":null}},"33":{"start":{"line":45,"column":29},"end":{"line":45,"column":53}},"34":{"start":{"line":46,"column":2},"end":{"line":46,"column":null}},"35":{"start":{"line":49,"column":34},"end":{"line":65,"column":1}},"36":{"start":{"line":50,"column":14},"end":{"line":50,"column":40}},"37":{"start":{"line":51,"column":16},"end":{"line":51,"column":56}},"38":{"start":{"line":52,"column":2},"end":{"line":52,"column":null}},"39":{"start":{"line":52,"column":14},"end":{"line":52,"column":null}},"40":{"start":{"line":54,"column":43},"end":{"line":54,"column":48}},"41":{"start":{"line":55,"column":14},"end":{"line":55,"column":29}},"42":{"start":{"line":56,"column":16},"end":{"line":56,"column":33}},"43":{"start":{"line":57,"column":15},"end":{"line":57,"column":31}},"44":{"start":{"line":59,"column":2},"end":{"line":59,"column":null}},"45":{"start":{"line":59,"column":72},"end":{"line":59,"column":null}},"46":{"start":{"line":61,"column":17},"end":{"line":61,"column":51}},"47":{"start":{"line":62,"column":2},"end":{"line":62,"column":null}},"48":{"start":{"line":62,"column":20},"end":{"line":62,"column":null}},"49":{"start":{"line":64,"column":2},"end":{"line":64,"column":null}},"50":{"start":{"line":67,"column":33},"end":{"line":72,"column":1}},"51":{"start":{"line":68,"column":17},"end":{"line":68,"column":67}},"52":{"start":{"line":69,"column":2},"end":{"line":69,"column":null}},"53":{"start":{"line":69,"column":26},"end":{"line":69,"column":null}},"54":{"start":{"line":70,"column":2},"end":{"line":70,"column":null}},"55":{"start":{"line":70,"column":26},"end":{"line":70,"column":null}},"56":{"start":{"line":71,"column":2},"end":{"line":71,"column":null}}},"fnMap":{"0":{"name":"(anonymous_0)","decl":{"start":{"line":1,"column":23},"end":{"line":1,"column":28}},"loc":{"start":{"line":1,"column":32},"end":{"line":1,"column":86}},"line":1},"1":{"name":"(anonymous_1)","decl":{"start":{"line":3,"column":20},"end":{"line":3,"column":25}},"loc":{"start":{"line":3,"column":29},"end":{"line":3,"column":54}},"line":3},"2":{"name":"(anonymous_2)","decl":{"start":{"line":8,"column":24},"end":{"line":8,"column":25}},"loc":{"start":{"line":8,"column":30},"end":{"line":11,"column":1}},"line":8},"3":{"name":"(anonymous_3)","decl":{"start":{"line":13,"column":29},"end":{"line":13,"column":30}},"loc":{"start":{"line":13,"column":35},"end":{"line":13,"column":57}},"line":13},"4":{"name":"(anonymous_4)","decl":{"start":{"line":15,"column":35},"end":{"line":15,"column":36}},"loc":{"start":{"line":15,"column":57},"end":{"line":19,"column":1}},"line":15},"5":{"name":"(anonymous_5)","decl":{"start":{"line":21,"column":31},"end":{"line":21,"column":32}},"loc":{"start":{"line":21,"column":52},"end":{"line":25,"column":1}},"line":21},"6":{"name":"(anonymous_6)","decl":{"start":{"line":27,"column":27},"end":{"line":27,"column":28}},"loc":{"start":{"line":27,"column":49},"end":{"line":27,"column":86}},"line":27},"7":{"name":"(anonymous_7)","decl":{"start":{"line":29,"column":28},"end":{"line":29,"column":29}},"loc":{"start":{"line":29,"column":38},"end":{"line":29,"column":56}},"line":29},"8":{"name":"(anonymous_8)","decl":{"start":{"line":31,"column":31},"end":{"line":31,"column":32}},"loc":{"start":{"line":31,"column":50},"end":{"line":36,"column":1}},"line":31},"9":{"name":"(anonymous_9)","decl":{"start":{"line":38,"column":29},"end":{"line":38,"column":37}},"loc":{"start":{"line":38,"column":41},"end":{"line":41,"column":1}},"line":38},"10":{"name":"(anonymous_10)","decl":{"start":{"line":43,"column":34},"end":{"line":43,"column":39}},"loc":{"start":{"line":43,"column":43},"end":{"line":47,"column":1}},"line":43},"11":{"name":"(anonymous_11)","decl":{"start":{"line":49,"column":34},"end":{"line":49,"column":39}},"loc":{"start":{"line":49,"column":43},"end":{"line":65,"column":1}},"line":49},"12":{"name":"(anonymous_12)","decl":{"start":{"line":67,"column":33},"end":{"line":67,"column":38}},"loc":{"start":{"line":67,"column":42},"end":{"line":72,"column":1}},"line":67}},"branchMap":{"0":{"loc":{"start":{"line":3,"column":30},"end":{"line":3,"column":41}},"type":"binary-expr","locations":[{"start":{"line":3,"column":30},"end":{"line":3,"column":35}},{"start":{"line":3,"column":39},"end":{"line":3,"column":41}}],"line":3},"1":{"loc":{"start":{"line":34,"column":36},"end":{"line":34,"column":54}},"type":"binary-expr","locations":[{"start":{"line":34,"column":36},"end":{"line":34,"column":49}},{"start":{"line":34,"column":53},"end":{"line":34,"column":54}}],"line":34},"2":{"loc":{"start":{"line":39,"column":2},"end":{"line":39,"column":null}},"type":"if","locations":[{"start":{"line":39,"column":2},"end":{"line":39,"column":null}},{"start":{},"end":{}}],"line":39},"3":{"loc":{"start":{"line":39,"column":6},"end":{"line":39,"column":50}},"type":"binary-expr","locations":[{"start":{"line":39,"column":6},"end":{"line":39,"column":15}},{"start":{"line":39,"column":19},"end":{"line":39,"column":50}}],"line":39},"4":{"loc":{"start":{"line":39,"column":59},"end":{"line":39,"column":80}},"type":"binary-expr","locations":[{"start":{"line":39,"column":59},"end":{"line":39,"column":67}},{"start":{"line":39,"column":71},"end":{"line":39,"column":80}}],"line":39},"5":{"loc":{"start":{"line":44,"column":2},"end":{"line":44,"column":null}},"type":"if","locations":[{"start":{"line":44,"column":2},"end":{"line":44,"column":null}},{"start":{},"end":{}}],"line":44},"6":{"loc":{"start":{"line":44,"column":6},"end":{"line":44,"column":58}},"type":"binary-expr","locations":[{"start":{"line":44,"column":6},"end":{"line":44,"column":12}},{"start":{"line":44,"column":16},"end":{"line":44,"column":58}}],"line":44},"7":{"loc":{"start":{"line":50,"column":21},"end":{"line":50,"column":32}},"type":"binary-expr","locations":[{"start":{"line":50,"column":21},"end":{"line":50,"column":26}},{"start":{"line":50,"column":30},"end":{"line":50,"column":32}}],"line":50},"8":{"loc":{"start":{"line":52,"column":2},"end":{"line":52,"column":null}},"type":"if","locations":[{"start":{"line":52,"column":2},"end":{"line":52,"column":null}},{"start":{},"end":{}}],"line":52},"9":{"loc":{"start":{"line":59,"column":2},"end":{"line":59,"column":null}},"type":"if","locations":[{"start":{"line":59,"column":2},"end":{"line":59,"column":null}},{"start":{},"end":{}}],"line":59},"10":{"loc":{"start":{"line":59,"column":6},"end":{"line":59,"column":70}},"type":"binary-expr","locations":[{"start":{"line":59,"column":6},"end":{"line":59,"column":17}},{"start":{"line":59,"column":21},"end":{"line":59,"column":32}},{"start":{"line":59,"column":36},"end":{"line":59,"column":45}},{"start":{"line":59,"column":49},"end":{"line":59,"column":59}},{"start":{"line":59,"column":63},"end":{"line":59,"column":70}}],"line":59},"11":{"loc":{"start":{"line":62,"column":2},"end":{"line":62,"column":null}},"type":"if","locations":[{"start":{"line":62,"column":2},"end":{"line":62,"column":null}},{"start":{},"end":{}}],"line":62},"12":{"loc":{"start":{"line":68,"column":24},"end":{"line":68,"column":35}},"type":"binary-expr","locations":[{"start":{"line":68,"column":24},"end":{"line":68,"column":29}},{"start":{"line":68,"column":33},"end":{"line":68,"column":35}}],"line":68},"13":{"loc":{"start":{"line":69,"column":2},"end":{"line":69,"column":null}},"type":"if","locations":[{"start":{"line":69,"column":2},"end":{"line":69,"column":null}},{"start":{},"end":{}}],"line":69},"14":{"loc":{"start":{"line":70,"column":2},"end":{"line":70,"column":null}},"type":"if","locations":[{"start":{"line":70,"column":2},"end":{"line":70,"column":null}},{"start":{},"end":{}}],"line":70}},"s":{"0":2,"1":0,"2":2,"3":0,"4":2,"5":4,"6":4,"7":2,"8":0,"9":2,"10":12,"11":12,"12":12,"13":2,"14":0,"15":0,"16":0,"17":2,"18":12,"19":2,"20":0,"21":2,"22":19,"23":19,"24":19,"25":19,"26":2,"27":0,"28":0,"29":0,"30":2,"31":0,"32":0,"33":0,"34":0,"35":2,"36":0,"37":0,"38":0,"39":0,"40":0,"41":0,"42":0,"43":0,"44":0,"45":0,"46":0,"47":0,"48":0,"49":0,"50":2,"51":0,"52":0,"53":0,"54":0,"55":0,"56":0},"f":{"0":0,"1":0,"2":4,"3":0,"4":12,"5":0,"6":12,"7":0,"8":19,"9":0,"10":0,"11":0,"12":0},"b":{"0":[0,0],"1":[19,0],"2":[0,0],"3":[0,0],"4":[0,0],"5":[0,0],"6":[0,0],"7":[0,0],"8":[0,0],"9":[0,0],"10":[0,0,0,0,0],"11":[0,0],"12":[0,0],"13":[0,0],"14":[0,0]},"meta":{"lastBranch":15,"lastFunction":13,"lastStatement":57,"seen":{"s:1:23:1:86":0,"f:1:23:1:28":0,"s:1:32:1:86":1,"s:3:20:3:54":2,"f:3:20:3:25":1,"s:3:29:3:54":3,"b:3:30:3:35:3:39:3:41":0,"s:8:24:11:1":4,"f:8:24:8:25":2,"s:9:12:9:22":5,"s:10:2:10:Infinity":6,"s:13:29:13:57":7,"f:13:29:13:30":3,"s:13:35:13:57":8,"s:15:35:19:1":9,"f:15:35:15:36":4,"s:16:24:16:55":10,"s:17:15:17:52":11,"s:18:2:18:Infinity":12,"s:21:31:25:1":13,"f:21:31:21:32":5,"s:22:29:22:59":14,"s:23:17:23:60":15,"s:24:2:24:Infinity":16,"s:27:27:27:86":17,"f:27:27:27:28":6,"s:27:49:27:86":18,"s:29:28:29:56":19,"f:29:28:29:29":7,"s:29:38:29:56":20,"s:31:31:36:1":21,"f:31:31:31:32":8,"s:32:24:32:55":22,"s:33:17:33:51":23,"s:34:18:34:67":24,"b:34:36:34:49:34:53:34:54":1,"s:35:2:35:Infinity":25,"s:38:29:41:1":26,"f:38:29:38:37":9,"b:39:2:39:Infinity:undefined:undefined:undefined:undefined":2,"s:39:2:39:Infinity":27,"b:39:6:39:15:39:19:39:50":3,"s:39:52:39:Infinity":28,"b:39:59:39:67:39:71:39:80":4,"s:40:2:40:Infinity":29,"s:43:34:47:1":30,"f:43:34:43:39":10,"b:44:2:44:Infinity:undefined:undefined:undefined:undefined":5,"s:44:2:44:Infinity":31,"b:44:6:44:12:44:16:44:58":6,"s:44:60:44:Infinity":32,"s:45:29:45:53":33,"s:46:2:46:Infinity":34,"s:49:34:65:1":35,"f:49:34:49:39":11,"s:50:14:50:40":36,"b:50:21:50:26:50:30:50:32":7,"s:51:16:51:56":37,"b:52:2:52:Infinity:undefined:undefined:undefined:undefined":8,"s:52:2:52:Infinity":38,"s:52:14:52:Infinity":39,"s:54:43:54:48":40,"s:55:14:55:29":41,"s:56:16:56:33":42,"s:57:15:57:31":43,"b:59:2:59:Infinity:undefined:undefined:undefined:undefined":9,"s:59:2:59:Infinity":44,"b:59:6:59:17:59:21:59:32:59:36:59:45:59:49:59:59:59:63:59:70":10,"s:59:72:59:Infinity":45,"s:61:17:61:51":46,"b:62:2:62:Infinity:undefined:undefined:undefined:undefined":11,"s:62:2:62:Infinity":47,"s:62:20:62:Infinity":48,"s:64:2:64:Infinity":49,"s:67:33:72:1":50,"f:67:33:67:38":12,"s:68:17:68:67":51,"b:68:24:68:29:68:33:68:35":12,"b:69:2:69:Infinity:undefined:undefined:undefined:undefined":13,"s:69:2:69:Infinity":52,"s:69:26:69:Infinity":53,"b:70:2:70:Infinity:undefined:undefined:undefined:undefined":14,"s:70:2:70:Infinity":54,"s:70:26:70:Infinity":55,"s:71:2:71:Infinity":56},"fnNames":{}}}
,"C:\\Projetos\\financas-pro\\src\\utils\\moneyUtils.js": {"path":"C:\\Projetos\\financas-pro\\src\\utils\\moneyUtils.js","statementMap":{"0":{"start":{"line":1,"column":22},"end":{"line":4,"column":2}},"1":{"start":{"line":1,"column":31},"end":{"line":4,"column":2}},"2":{"start":{"line":6,"column":29},"end":{"line":18,"column":1}},"3":{"start":{"line":7,"column":2},"end":{"line":7,"column":null}},"4":{"start":{"line":7,"column":33},"end":{"line":7,"column":null}},"5":{"start":{"line":8,"column":2},"end":{"line":8,"column":null}},"6":{"start":{"line":8,"column":45},"end":{"line":8,"column":null}},"7":{"start":{"line":10,"column":14},"end":{"line":10,"column":34}},"8":{"start":{"line":11,"column":2},"end":{"line":11,"column":null}},"9":{"start":{"line":11,"column":12},"end":{"line":11,"column":null}},"10":{"start":{"line":13,"column":21},"end":{"line":13,"column":63}},"11":{"start":{"line":14,"column":2},"end":{"line":14,"column":null}},"12":{"start":{"line":14,"column":42},"end":{"line":14,"column":null}},"13":{"start":{"line":16,"column":17},"end":{"line":16,"column":76}},"14":{"start":{"line":17,"column":2},"end":{"line":17,"column":null}},"15":{"start":{"line":20,"column":30},"end":{"line":28,"column":1}},"16":{"start":{"line":21,"column":17},"end":{"line":21,"column":55}},"17":{"start":{"line":22,"column":2},"end":{"line":22,"column":null}},"18":{"start":{"line":22,"column":15},"end":{"line":22,"column":null}},"19":{"start":{"line":24,"column":2},"end":{"line":27,"column":null}}},"fnMap":{"0":{"name":"(anonymous_0)","decl":{"start":{"line":1,"column":22},"end":{"line":1,"column":27}},"loc":{"start":{"line":1,"column":31},"end":{"line":4,"column":2}},"line":1},"1":{"name":"(anonymous_1)","decl":{"start":{"line":6,"column":29},"end":{"line":6,"column":34}},"loc":{"start":{"line":6,"column":38},"end":{"line":18,"column":1}},"line":6},"2":{"name":"(anonymous_2)","decl":{"start":{"line":20,"column":30},"end":{"line":20,"column":35}},"loc":{"start":{"line":20,"column":39},"end":{"line":28,"column":1}},"line":20}},"branchMap":{"0":{"loc":{"start":{"line":1,"column":32},"end":{"line":1,"column":50}},"type":"binary-expr","locations":[{"start":{"line":1,"column":32},"end":{"line":1,"column":45}},{"start":{"line":1,"column":49},"end":{"line":1,"column":50}}],"line":1},"1":{"loc":{"start":{"line":7,"column":2},"end":{"line":7,"column":null}},"type":"if","locations":[{"start":{"line":7,"column":2},"end":{"line":7,"column":null}},{"start":{},"end":{}}],"line":7},"2":{"loc":{"start":{"line":7,"column":40},"end":{"line":7,"column":74}},"type":"cond-expr","locations":[{"start":{"line":7,"column":65},"end":{"line":7,"column":70}},{"start":{"line":7,"column":73},"end":{"line":7,"column":74}}],"line":7},"3":{"loc":{"start":{"line":8,"column":2},"end":{"line":8,"column":null}},"type":"if","locations":[{"start":{"line":8,"column":2},"end":{"line":8,"column":null}},{"start":{},"end":{}}],"line":8},"4":{"loc":{"start":{"line":8,"column":6},"end":{"line":8,"column":43}},"type":"binary-expr","locations":[{"start":{"line":8,"column":6},"end":{"line":8,"column":20}},{"start":{"line":8,"column":24},"end":{"line":8,"column":43}}],"line":8},"5":{"loc":{"start":{"line":11,"column":2},"end":{"line":11,"column":null}},"type":"if","locations":[{"start":{"line":11,"column":2},"end":{"line":11,"column":null}},{"start":{},"end":{}}],"line":11},"6":{"loc":{"start":{"line":14,"column":2},"end":{"line":14,"column":null}},"type":"if","locations":[{"start":{"line":14,"column":2},"end":{"line":14,"column":null}},{"start":{},"end":{}}],"line":14},"7":{"loc":{"start":{"line":14,"column":49},"end":{"line":14,"column":76}},"type":"binary-expr","locations":[{"start":{"line":14,"column":49},"end":{"line":14,"column":71}},{"start":{"line":14,"column":75},"end":{"line":14,"column":76}}],"line":14},"8":{"loc":{"start":{"line":17,"column":9},"end":{"line":17,"column":45}},"type":"cond-expr","locations":[{"start":{"line":17,"column":35},"end":{"line":17,"column":41}},{"start":{"line":17,"column":44},"end":{"line":17,"column":45}}],"line":17},"9":{"loc":{"start":{"line":21,"column":24},"end":{"line":21,"column":35}},"type":"binary-expr","locations":[{"start":{"line":21,"column":24},"end":{"line":21,"column":29}},{"start":{"line":21,"column":33},"end":{"line":21,"column":35}}],"line":21},"10":{"loc":{"start":{"line":22,"column":2},"end":{"line":22,"column":null}},"type":"if","locations":[{"start":{"line":22,"column":2},"end":{"line":22,"column":null}},{"start":{},"end":{}}],"line":22}},"s":{"0":2,"1":0,"2":2,"3":0,"4":0,"5":0,"6":0,"7":0,"8":0,"9":0,"10":0,"11":0,"12":0,"13":0,"14":0,"15":2,"16":0,"17":0,"18":0,"19":0},"f":{"0":0,"1":0,"2":0},"b":{"0":[0,0],"1":[0,0],"2":[0,0],"3":[0,0],"4":[0,0],"5":[0,0],"6":[0,0],"7":[0,0],"8":[0,0],"9":[0,0],"10":[0,0]},"meta":{"lastBranch":11,"lastFunction":3,"lastStatement":20,"seen":{"s:1:22:4:2":0,"f:1:22:1:27":0,"s:1:31:4:2":1,"b:1:32:1:45:1:49:1:50":0,"s:6:29:18:1":2,"f:6:29:6:34":1,"b:7:2:7:Infinity:undefined:undefined:undefined:undefined":1,"s:7:2:7:Infinity":3,"s:7:33:7:Infinity":4,"b:7:65:7:70:7:73:7:74":2,"b:8:2:8:Infinity:undefined:undefined:undefined:undefined":3,"s:8:2:8:Infinity":5,"b:8:6:8:20:8:24:8:43":4,"s:8:45:8:Infinity":6,"s:10:14:10:34":7,"b:11:2:11:Infinity:undefined:undefined:undefined:undefined":5,"s:11:2:11:Infinity":8,"s:11:12:11:Infinity":9,"s:13:21:13:63":10,"b:14:2:14:Infinity:undefined:undefined:undefined:undefined":6,"s:14:2:14:Infinity":11,"s:14:42:14:Infinity":12,"b:14:49:14:71:14:75:14:76":7,"s:16:17:16:76":13,"s:17:2:17:Infinity":14,"b:17:35:17:41:17:44:17:45":8,"s:20:30:28:1":15,"f:20:30:20:35":2,"s:21:17:21:55":16,"b:21:24:21:29:21:33:21:35":9,"b:22:2:22:Infinity:undefined:undefined:undefined:undefined":10,"s:22:2:22:Infinity":17,"s:22:15:22:Infinity":18,"s:24:2:27:Infinity":19},"fnNames":{}}}
}
